`````````````````````````````````````````````````````````````````````
[ 4.3.6774.39167 ] 2020-07-08 23:42:44.8820426 UTC
---------------------------------------------------------------------
System.ComponentModel.Win32Exception (0x80004005): Access is denied
   at Launcher.Injector.Inject(SafeSystemHandle process, String hook, Settings settings, TimeSpan timeout)
   at Launcher.Injector.Launch(String hook, Profile profile, Boolean debug, TimeSpan timeout)
   at Launcher.Tasks.LaunchTask.Run()
   at Launcher.Tasks.Task.Run(Core core)
   at Launcher.Core.Run()
   at System.Threading.ThreadHelper.ThreadStart_Context(Object state)
   at System.Threading.ExecutionContext.RunInternal(ExecutionContext executionContext, ContextCallback callback, Object state, Boolean preserveSyncCtx)
   at System.Threading.ExecutionContext.Run(ExecutionContext executionContext, ContextCallback callback, Object state, Boolean preserveSyncCtx)
   at System.Threading.ExecutionContext.Run(ExecutionContext executionContext, ContextCallback callback, Object state)
   at System.Threading.ThreadHelper.ThreadStart()
`````````````````````````````````````````````````````````````````````

`````````````````````````````````````````````````````````````````````
[ 4.3.6774.39167 ] 2020-07-18 09:06:10.6788673 UTC
---------------------------------------------------------------------
System.ComponentModel.Win32Exception (0x80004005): Access is denied
   at Launcher.Injector.Inject(SafeSystemHandle process, String hook, Settings settings, TimeSpan timeout)
   at Launcher.Injector.Launch(String hook, Profile profile, Boolean debug, TimeSpan timeout)
   at Launcher.Tasks.LaunchTask.Run()
   at Launcher.Tasks.Task.Run(Core core)
   at Launcher.Core.Run()
   at System.Threading.ThreadHelper.ThreadStart_Context(Object state)
   at System.Threading.ExecutionContext.RunInternal(ExecutionContext executionContext, ContextCallback callback, Object state, Boolean preserveSyncCtx)
   at System.Threading.ExecutionContext.Run(ExecutionContext executionContext, ContextCallback callback, Object state, Boolean preserveSyncCtx)
   at System.Threading.ExecutionContext.Run(ExecutionContext executionContext, ContextCallback callback, Object state)
   at System.Threading.ThreadHelper.ThreadStart()
`````````````````````````````````````````````````````````````````````

`````````````````````````````````````````````````````````````````````
[ 4.3.6774.39167 ] 2020-08-31 21:44:39.3729285 UTC
---------------------------------------------------------------------
System.ComponentModel.Win32Exception (0x80004005): Access is denied
   at Launcher.Injector.Inject(SafeSystemHandle process, String hook, Settings settings, TimeSpan timeout)
   at Launcher.Injector.Launch(String hook, Profile profile, Boolean debug, TimeSpan timeout)
   at Launcher.Tasks.LaunchTask.Run()
   at Launcher.Tasks.Task.Run(Core core)
   at Launcher.Core.Run()
   at System.Threading.ThreadHelper.ThreadStart_Context(Object state)
   at System.Threading.ExecutionContext.RunInternal(ExecutionContext executionContext, ContextCallback callback, Object state, Boolean preserveSyncCtx)
   at System.Threading.ExecutionContext.Run(ExecutionContext executionContext, ContextCallback callback, Object state, Boolean preserveSyncCtx)
   at System.Threading.ExecutionContext.Run(ExecutionContext executionContext, ContextCallback callback, Object state)
   at System.Threading.ThreadHelper.ThreadStart()
`````````````````````````````````````````````````````````````````````

´´´´´´´´´´´´´´´´´´´´´´´´´´´´´´´´´´´´´´´´´´´´´´´´´´´´´´´´´´´´´´´´´´´´´
[ 4.3.7757.25903 ] 2024-08-16 18:22:10.3451446 UTC
---------------------------------------------------------------------
System.ComponentModel.Win32Exception (0x80004005): The system cannot find the file specified
   at Launcher.Injector.Launch(String hook, Profile profile, Boolean debug, TimeSpan timeout)
   at Launcher.Tasks.LaunchTask.Run()
   at Launcher.Tasks.Task.Run(Core core)
   at Launcher.Core.Run()
   at System.Threading.ThreadHelper.ThreadStart_Context(Object state)
   at System.Threading.ExecutionContext.RunInternal(ExecutionContext executionContext, ContextCallback callback, Object state, Boolean preserveSyncCtx)
   at System.Threading.ExecutionContext.Run(ExecutionContext executionContext, ContextCallback callback, Object state, Boolean preserveSyncCtx)
   at System.Threading.ExecutionContext.Run(ExecutionContext executionContext, ContextCallback callback, Object state)
   at System.Threading.ThreadHelper.ThreadStart()
´´´´´´´´´´´´´´´´´´´´´´´´´´´´´´´´´´´´´´´´´´´´´´´´´´´´´´´´´´´´´´´´´´´´´

´´´´´´´´´´´´´´´´´´´´´´´´´´´´´´´´´´´´´´´´´´´´´´´´´´´´´´´´´´´´´´´´´´´´´
[ 4.3.7757.25903 ] 2024-08-16 18:25:23.9583521 UTC
---------------------------------------------------------------------
System.ComponentModel.Win32Exception (0x80004005): The system cannot find the file specified
   at Launcher.Injector.Launch(String hook, Profile profile, Boolean debug, TimeSpan timeout)
   at Launcher.Tasks.LaunchTask.Run()
   at Launcher.Tasks.Task.Run(Core core)
   at Launcher.Core.Run()
   at System.Threading.ThreadHelper.ThreadStart_Context(Object state)
   at System.Threading.ExecutionContext.RunInternal(ExecutionContext executionContext, ContextCallback callback, Object state, Boolean preserveSyncCtx)
   at System.Threading.ExecutionContext.Run(ExecutionContext executionContext, ContextCallback callback, Object state, Boolean preserveSyncCtx)
   at System.Threading.ExecutionContext.Run(ExecutionContext executionContext, ContextCallback callback, Object state)
   at System.Threading.ThreadHelper.ThreadStart()
´´´´´´´´´´´´´´´´´´´´´´´´´´´´´´´´´´´´´´´´´´´´´´´´´´´´´´´´´´´´´´´´´´´´´

´´´´´´´´´´´´´´´´´´´´´´´´´´´´´´´´´´´´´´´´´´´´´´´´´´´´´´´´´´´´´´´´´´´´´
[ 4.3.7757.25903 ] 2024-08-16 18:38:43.8423040 UTC
---------------------------------------------------------------------
System.ComponentModel.Win32Exception (0x80004005): The system cannot find the file specified
   at Launcher.Injector.Launch(String hook, Profile profile, Boolean debug, TimeSpan timeout)
   at Launcher.Tasks.LaunchTask.Run()
   at Launcher.Tasks.Task.Run(Core core)
   at Launcher.Core.Run()
   at System.Threading.ThreadHelper.ThreadStart_Context(Object state)
   at System.Threading.ExecutionContext.RunInternal(ExecutionContext executionContext, ContextCallback callback, Object state, Boolean preserveSyncCtx)
   at System.Threading.ExecutionContext.Run(ExecutionContext executionContext, ContextCallback callback, Object state, Boolean preserveSyncCtx)
   at System.Threading.ExecutionContext.Run(ExecutionContext executionContext, ContextCallback callback, Object state)
   at System.Threading.ThreadHelper.ThreadStart()
´´´´´´´´´´´´´´´´´´´´´´´´´´´´´´´´´´´´´´´´´´´´´´´´´´´´´´´´´´´´´´´´´´´´´

´´´´´´´´´´´´´´´´´´´´´´´´´´´´´´´´´´´´´´´´´´´´´´´´´´´´´´´´´´´´´´´´´´´´´
[ 4.3.7757.25903 ] 2024-08-16 19:42:34.1496372 UTC
---------------------------------------------------------------------
System.ComponentModel.Win32Exception (0x80004005): The system cannot find the file specified
   at Launcher.Injector.Launch(String hook, Profile profile, Boolean debug, TimeSpan timeout)
   at Launcher.Tasks.LaunchTask.Run()
   at Launcher.Tasks.Task.Run(Core core)
   at Launcher.Core.Run()
   at System.Threading.ThreadHelper.ThreadStart_Context(Object state)
   at System.Threading.ExecutionContext.RunInternal(ExecutionContext executionContext, ContextCallback callback, Object state, Boolean preserveSyncCtx)
   at System.Threading.ExecutionContext.Run(ExecutionContext executionContext, ContextCallback callback, Object state, Boolean preserveSyncCtx)
   at System.Threading.ExecutionContext.Run(ExecutionContext executionContext, ContextCallback callback, Object state)
   at System.Threading.ThreadHelper.ThreadStart()
´´´´´´´´´´´´´´´´´´´´´´´´´´´´´´´´´´´´´´´´´´´´´´´´´´´´´´´´´´´´´´´´´´´´´

´´´´´´´´´´´´´´´´´´´´´´´´´´´´´´´´´´´´´´´´´´´´´´´´´´´´´´´´´´´´´´´´´´´´´
[ 4.3.7757.25903 ] 2024-08-16 20:04:38.3259715 UTC
---------------------------------------------------------------------
System.ComponentModel.Win32Exception (0x80004005): The system cannot find the file specified
   at Launcher.Injector.Launch(String hook, Profile profile, Boolean debug, TimeSpan timeout)
   at Launcher.Tasks.LaunchTask.Run()
   at Launcher.Tasks.Task.Run(Core core)
   at Launcher.Core.Run()
   at System.Threading.ThreadHelper.ThreadStart_Context(Object state)
   at System.Threading.ExecutionContext.RunInternal(ExecutionContext executionContext, ContextCallback callback, Object state, Boolean preserveSyncCtx)
   at System.Threading.ExecutionContext.Run(ExecutionContext executionContext, ContextCallback callback, Object state, Boolean preserveSyncCtx)
   at System.Threading.ExecutionContext.Run(ExecutionContext executionContext, ContextCallback callback, Object state)
   at System.Threading.ThreadHelper.ThreadStart()
´´´´´´´´´´´´´´´´´´´´´´´´´´´´´´´´´´´´´´´´´´´´´´´´´´´´´´´´´´´´´´´´´´´´´

´´´´´´´´´´´´´´´´´´´´´´´´´´´´´´´´´´´´´´´´´´´´´´´´´´´´´´´´´´´´´´´´´´´´´
[ 4.3.7757.25903 ] 2024-08-17 17:08:36.4987485 UTC
---------------------------------------------------------------------
System.ComponentModel.Win32Exception (0x80004005): The system cannot find the path specified
   at Launcher.Injector.Launch(String hook, Profile profile, Boolean debug, TimeSpan timeout)
   at Launcher.Tasks.LaunchTask.Run()
   at Launcher.Tasks.Task.Run(Core core)
   at Launcher.Core.Run()
   at System.Threading.ThreadHelper.ThreadStart_Context(Object state)
   at System.Threading.ExecutionContext.RunInternal(ExecutionContext executionContext, ContextCallback callback, Object state, Boolean preserveSyncCtx)
   at System.Threading.ExecutionContext.Run(ExecutionContext executionContext, ContextCallback callback, Object state, Boolean preserveSyncCtx)
   at System.Threading.ExecutionContext.Run(ExecutionContext executionContext, ContextCallback callback, Object state)
   at System.Threading.ThreadHelper.ThreadStart()
´´´´´´´´´´´´´´´´´´´´´´´´´´´´´´´´´´´´´´´´´´´´´´´´´´´´´´´´´´´´´´´´´´´´´

´´´´´´´´´´´´´´´´´´´´´´´´´´´´´´´´´´´´´´´´´´´´´´´´´´´´´´´´´´´´´´´´´´´´´
[ 4.3.7757.25903 ] 2024-08-17 17:11:34.2531976 UTC
---------------------------------------------------------------------
System.ComponentModel.Win32Exception (0x80004005): The system cannot find the path specified
   at Launcher.Injector.Launch(String hook, Profile profile, Boolean debug, TimeSpan timeout)
   at Launcher.Tasks.LaunchTask.Run()
   at Launcher.Tasks.Task.Run(Core core)
   at Launcher.Core.Run()
   at System.Threading.ThreadHelper.ThreadStart_Context(Object state)
   at System.Threading.ExecutionContext.RunInternal(ExecutionContext executionContext, ContextCallback callback, Object state, Boolean preserveSyncCtx)
   at System.Threading.ExecutionContext.Run(ExecutionContext executionContext, ContextCallback callback, Object state, Boolean preserveSyncCtx)
   at System.Threading.ExecutionContext.Run(ExecutionContext executionContext, ContextCallback callback, Object state)
   at System.Threading.ThreadHelper.ThreadStart()
´´´´´´´´´´´´´´´´´´´´´´´´´´´´´´´´´´´´´´´´´´´´´´´´´´´´´´´´´´´´´´´´´´´´´

´´´´´´´´´´´´´´´´´´´´´´´´´´´´´´´´´´´´´´´´´´´´´´´´´´´´´´´´´´´´´´´´´´´´´
[ 4.3.7757.25903 ] 2024-08-17 17:17:30.0405426 UTC
---------------------------------------------------------------------
System.ComponentModel.Win32Exception (0x80004005): The system cannot find the path specified
   at Launcher.Injector.Launch(String hook, Profile profile, Boolean debug, TimeSpan timeout)
   at Launcher.Tasks.LaunchTask.Run()
   at Launcher.Tasks.Task.Run(Core core)
   at Launcher.Core.Run()
   at System.Threading.ThreadHelper.ThreadStart_Context(Object state)
   at System.Threading.ExecutionContext.RunInternal(ExecutionContext executionContext, ContextCallback callback, Object state, Boolean preserveSyncCtx)
   at System.Threading.ExecutionContext.Run(ExecutionContext executionContext, ContextCallback callback, Object state, Boolean preserveSyncCtx)
   at System.Threading.ExecutionContext.Run(ExecutionContext executionContext, ContextCallback callback, Object state)
   at System.Threading.ThreadHelper.ThreadStart()
´´´´´´´´´´´´´´´´´´´´´´´´´´´´´´´´´´´´´´´´´´´´´´´´´´´´´´´´´´´´´´´´´´´´´

´´´´´´´´´´´´´´´´´´´´´´´´´´´´´´´´´´´´´´´´´´´´´´´´´´´´´´´´´´´´´´´´´´´´´
[ 4.3.7757.25903 ] 2024-08-17 17:19:50.5219600 UTC
---------------------------------------------------------------------
System.ComponentModel.Win32Exception (0x80004005): The system cannot find the file specified
   at Launcher.Injector.Launch(String hook, Profile profile, Boolean debug, TimeSpan timeout)
   at Launcher.Tasks.LaunchTask.Run()
   at Launcher.Tasks.Task.Run(Core core)
   at Launcher.Core.Run()
   at System.Threading.ThreadHelper.ThreadStart_Context(Object state)
   at System.Threading.ExecutionContext.RunInternal(ExecutionContext executionContext, ContextCallback callback, Object state, Boolean preserveSyncCtx)
   at System.Threading.ExecutionContext.Run(ExecutionContext executionContext, ContextCallback callback, Object state, Boolean preserveSyncCtx)
   at System.Threading.ExecutionContext.Run(ExecutionContext executionContext, ContextCallback callback, Object state)
   at System.Threading.ThreadHelper.ThreadStart()
´´´´´´´´´´´´´´´´´´´´´´´´´´´´´´´´´´´´´´´´´´´´´´´´´´´´´´´´´´´´´´´´´´´´´

´´´´´´´´´´´´´´´´´´´´´´´´´´´´´´´´´´´´´´´´´´´´´´´´´´´´´´´´´´´´´´´´´´´´´
[ 4.3.7757.25903 ] 2024-10-26 18:48:35.4354962 UTC
---------------------------------------------------------------------
System.ArgumentException: Process with an Id of 6076 is not running.
   at System.Diagnostics.Process.GetProcessById(Int32 processId, String machineName)
   at System.Diagnostics.Process.GetProcessById(Int32 processId)
   at Launcher.Injector.Launch(String hook, Profile profile, Boolean debug, TimeSpan timeout)
   at Launcher.Tasks.LaunchTask.Run()
   at Launcher.Tasks.Task.Run(Core core)
   at Launcher.Core.Run()
   at System.Threading.ThreadHelper.ThreadStart_Context(Object state)
   at System.Threading.ExecutionContext.RunInternal(ExecutionContext executionContext, ContextCallback callback, Object state, Boolean preserveSyncCtx)
   at System.Threading.ExecutionContext.Run(ExecutionContext executionContext, ContextCallback callback, Object state, Boolean preserveSyncCtx)
   at System.Threading.ExecutionContext.Run(ExecutionContext executionContext, ContextCallback callback, Object state)
   at System.Threading.ThreadHelper.ThreadStart()
´´´´´´´´´´´´´´´´´´´´´´´´´´´´´´´´´´´´´´´´´´´´´´´´´´´´´´´´´´´´´´´´´´´´´

´´´
[ 4.6.3.2 ] 2025-02-20 12:38:36.0480774 UTC
---------------------------------------------------------------------
System.ComponentModel.Win32Exception (0x80004005): The system cannot find the file specified
   at Launcher.Injector.Launch(String hook, Profile profile, Boolean debug, TimeSpan timeout)
   at Launcher.Tasks.LaunchTask.Run()
   at Launcher.Tasks.Task.Run(Core core)
   at Launcher.Core.Run()
   at System.Threading.ThreadHelper.ThreadStart_Context(Object state)
   at System.Threading.ExecutionContext.RunInternal(ExecutionContext executionContext, ContextCallback callback, Object state, Boolean preserveSyncCtx)
   at System.Threading.ExecutionContext.Run(ExecutionContext executionContext, ContextCallback callback, Object state, Boolean preserveSyncCtx)
   at System.Threading.ExecutionContext.Run(ExecutionContext executionContext, ContextCallback callback, Object state)
   at System.Threading.ThreadHelper.ThreadStart()
´´´

´´´
[ 4.6.3.2 ] 2025-02-20 12:39:21.1534243 UTC
---------------------------------------------------------------------
System.ComponentModel.Win32Exception (0x80004005): The system cannot find the file specified
   at Launcher.Injector.Launch(String hook, Profile profile, Boolean debug, TimeSpan timeout)
   at Launcher.Tasks.LaunchTask.Run()
   at Launcher.Tasks.Task.Run(Core core)
   at Launcher.Core.Run()
   at System.Threading.ThreadHelper.ThreadStart_Context(Object state)
   at System.Threading.ExecutionContext.RunInternal(ExecutionContext executionContext, ContextCallback callback, Object state, Boolean preserveSyncCtx)
   at System.Threading.ExecutionContext.Run(ExecutionContext executionContext, ContextCallback callback, Object state, Boolean preserveSyncCtx)
   at System.Threading.ExecutionContext.Run(ExecutionContext executionContext, ContextCallback callback, Object state)
   at System.Threading.ThreadHelper.ThreadStart()
´´´

´´´
[ 4.6.3.2 ] 2025-02-20 12:40:42.8362213 UTC
---------------------------------------------------------------------
System.ComponentModel.Win32Exception (0x80004005): The system cannot find the file specified
   at Launcher.Injector.Launch(String hook, Profile profile, Boolean debug, TimeSpan timeout)
   at Launcher.Tasks.LaunchTask.Run()
   at Launcher.Tasks.Task.Run(Core core)
   at Launcher.Core.Run()
   at System.Threading.ThreadHelper.ThreadStart_Context(Object state)
   at System.Threading.ExecutionContext.RunInternal(ExecutionContext executionContext, ContextCallback callback, Object state, Boolean preserveSyncCtx)
   at System.Threading.ExecutionContext.Run(ExecutionContext executionContext, ContextCallback callback, Object state, Boolean preserveSyncCtx)
   at System.Threading.ExecutionContext.Run(ExecutionContext executionContext, ContextCallback callback, Object state)
   at System.Threading.ThreadHelper.ThreadStart()
´´´

´´´
[ 4.6.3.5 ] 2025-03-21 14:47:42.4717381 UTC
---------------------------------------------------------------------
System.ComponentModel.Win32Exception (0x80004005): The system cannot find the file specified
   at Launcher.Injector.Launch(String hook, Profile profile, Boolean debug, TimeSpan timeout)
   at Launcher.Tasks.LaunchTask.Run()
   at Launcher.Tasks.Task.Run(Core core)
   at Launcher.Core.Run()
   at System.Threading.ThreadHelper.ThreadStart_Context(Object state)
   at System.Threading.ExecutionContext.RunInternal(ExecutionContext executionContext, ContextCallback callback, Object state, Boolean preserveSyncCtx)
   at System.Threading.ExecutionContext.Run(ExecutionContext executionContext, ContextCallback callback, Object state, Boolean preserveSyncCtx)
   at System.Threading.ExecutionContext.Run(ExecutionContext executionContext, ContextCallback callback, Object state)
   at System.Threading.ThreadHelper.ThreadStart()
´´´

´´´
[ 4.6.3.5 ] 2025-03-21 14:48:34.6187203 UTC
---------------------------------------------------------------------
System.ComponentModel.Win32Exception (0x80004005): The system cannot find the file specified
   at Launcher.Injector.Launch(String hook, Profile profile, Boolean debug, TimeSpan timeout)
   at Launcher.Tasks.LaunchTask.Run()
   at Launcher.Tasks.Task.Run(Core core)
   at Launcher.Core.Run()
   at System.Threading.ThreadHelper.ThreadStart_Context(Object state)
   at System.Threading.ExecutionContext.RunInternal(ExecutionContext executionContext, ContextCallback callback, Object state, Boolean preserveSyncCtx)
   at System.Threading.ExecutionContext.Run(ExecutionContext executionContext, ContextCallback callback, Object state, Boolean preserveSyncCtx)
   at System.Threading.ExecutionContext.Run(ExecutionContext executionContext, ContextCallback callback, Object state)
   at System.Threading.ThreadHelper.ThreadStart()
´´´

´´´
[ 4.6.3.5 ] 2025-05-06 11:34:26.2708968 UTC
---------------------------------------------------------------------
System.ComponentModel.Win32Exception (0x80004005): The system cannot find the file specified
   at Launcher.Injector.Launch(String hook, Profile profile, Boolean debug, TimeSpan timeout)
   at Launcher.Tasks.LaunchTask.Run()
   at Launcher.Tasks.Task.Run(Core core)
   at Launcher.Core.Run()
   at System.Threading.ThreadHelper.ThreadStart_Context(Object state)
   at System.Threading.ExecutionContext.RunInternal(ExecutionContext executionContext, ContextCallback callback, Object state, Boolean preserveSyncCtx)
   at System.Threading.ExecutionContext.Run(ExecutionContext executionContext, ContextCallback callback, Object state, Boolean preserveSyncCtx)
   at System.Threading.ExecutionContext.Run(ExecutionContext executionContext, ContextCallback callback, Object state)
   at System.Threading.ThreadHelper.ThreadStart()
´´´

´´´
[ 4.6.3.5 ] 2025-05-06 11:35:02.8814454 UTC
---------------------------------------------------------------------
System.ComponentModel.Win32Exception (0x80004005): The system cannot find the file specified
   at Launcher.Injector.Launch(String hook, Profile profile, Boolean debug, TimeSpan timeout)
   at Launcher.Tasks.LaunchTask.Run()
   at Launcher.Tasks.Task.Run(Core core)
   at Launcher.Core.Run()
   at System.Threading.ThreadHelper.ThreadStart_Context(Object state)
   at System.Threading.ExecutionContext.RunInternal(ExecutionContext executionContext, ContextCallback callback, Object state, Boolean preserveSyncCtx)
   at System.Threading.ExecutionContext.Run(ExecutionContext executionContext, ContextCallback callback, Object state, Boolean preserveSyncCtx)
   at System.Threading.ExecutionContext.Run(ExecutionContext executionContext, ContextCallback callback, Object state)
   at System.Threading.ThreadHelper.ThreadStart()
´´´

´´´
[ 4.6.3.5 ] 2025-05-06 13:31:31.1985948 UTC
---------------------------------------------------------------------
System.ComponentModel.Win32Exception (0x80004005): The system cannot find the file specified
   at Launcher.Injector.Launch(String hook, Profile profile, Boolean debug, TimeSpan timeout)
   at Launcher.Tasks.LaunchTask.Run()
   at Launcher.Tasks.Task.Run(Core core)
   at Launcher.Core.Run()
   at System.Threading.ThreadHelper.ThreadStart_Context(Object state)
   at System.Threading.ExecutionContext.RunInternal(ExecutionContext executionContext, ContextCallback callback, Object state, Boolean preserveSyncCtx)
   at System.Threading.ExecutionContext.Run(ExecutionContext executionContext, ContextCallback callback, Object state, Boolean preserveSyncCtx)
   at System.Threading.ExecutionContext.Run(ExecutionContext executionContext, ContextCallback callback, Object state)
   at System.Threading.ThreadHelper.ThreadStart()
´´´

´´´
[ 4.6.3.5 ] 2025-05-06 13:31:51.0684608 UTC
---------------------------------------------------------------------
System.ComponentModel.Win32Exception (0x80004005): The system cannot find the file specified
   at Launcher.Injector.Launch(String hook, Profile profile, Boolean debug, TimeSpan timeout)
   at Launcher.Tasks.LaunchTask.Run()
   at Launcher.Tasks.Task.Run(Core core)
   at Launcher.Core.Run()
   at System.Threading.ThreadHelper.ThreadStart_Context(Object state)
   at System.Threading.ExecutionContext.RunInternal(ExecutionContext executionContext, ContextCallback callback, Object state, Boolean preserveSyncCtx)
   at System.Threading.ExecutionContext.Run(ExecutionContext executionContext, ContextCallback callback, Object state, Boolean preserveSyncCtx)
   at System.Threading.ExecutionContext.Run(ExecutionContext executionContext, ContextCallback callback, Object state)
   at System.Threading.ThreadHelper.ThreadStart()
´´´

