16:25:49Loading Inventory Start.
16:25:49Received 0x34 back from Open Menu, Setting to Initial.
16:25:49Setting for Inventory Load Only.
16:25:50Received 0x05C. Current Status: Initial   Showing all non 0 byte packets:
16:25:50Byte 1: 92
16:25:50Byte 2: 18
16:25:50Byte 3: 86
16:25:50Byte 5: 217
16:25:50Byte 6: 253
16:25:50Byte 7: 169
16:25:50Byte 8: 162
16:25:50Byte 9: 164
16:25:50Byte 10: 5
16:25:50Byte 11: 72
16:25:50Byte 12: 48
16:25:50Byte 13: 74
16:25:50Byte 14: 98
16:25:50Byte 15: 102
16:25:50Byte 16: 7
16:25:50Byte 17: 50
16:25:50Byte 19: 5
16:25:50Byte 20: 7
16:25:50Byte 21: 6
16:25:50Byte 22: 9
16:25:50Byte 23: 24
16:25:50Byte 24: 9
16:25:50Byte 25: 33
16:25:50Byte 26: 13
16:25:50Byte 27: 7
16:25:50Byte 28: 9
16:25:50Byte 29: 11
16:25:50Inv only received.  Stopping and exiting Menu.
16:29:26Start Command Issued.
16:29:26Received 0x34 back from Open Menu, Setting to Initial.
16:29:26Opening Initial Menu.
16:29:27Received 0x05C. Current Status: Initial   Showing all non 0 byte packets:
16:29:27Byte 1: 92
16:29:27Byte 2: 18
16:29:27Byte 3: 98
16:29:27Byte 4: 2
16:29:27Byte 5: 217
16:29:27Byte 6: 253
16:29:27Byte 7: 169
16:29:27Byte 8: 162
16:29:27Byte 9: 164
16:29:27Byte 10: 5
16:29:27Byte 11: 72
16:29:27Byte 12: 48
16:29:27Byte 13: 74
16:29:27Byte 14: 98
16:29:27Byte 15: 102
16:29:27Byte 16: 7
16:29:27Byte 17: 50
16:29:27Byte 19: 5
16:29:27Byte 20: 7
16:29:27Byte 21: 6
16:29:27Byte 22: 9
16:29:27Byte 23: 24
16:29:27Byte 24: 9
16:29:27Byte 25: 33
16:29:27Byte 26: 13
16:29:27Byte 27: 7
16:29:27Byte 28: 9
16:29:27Byte 29: 11
16:29:27Looking up Chain..Induration
16:29:27Induration: Found Crystal: Ice Crystal
16:29:29Sending Synthchain: 8705.  Setting info.status to Spirit Update
16:29:29Received 0x05C. Current Status: Spirit Update   Showing all non 0 byte packets:
16:29:29Byte 1: 92
16:29:29Byte 2: 18
16:29:29Byte 3: 104
16:29:29Byte 4: 2
16:29:29Byte 5: 1
16:29:29Byte 17: 1
16:29:29Byte 21: 194
16:29:29Byte 22: 1
16:29:29Byte 25: 1
16:29:29Byte 33: 70
16:29:29Byte 34: 1
16:29:29Synth Success! Chain Performed:None Spirit Gained:1 Current Spirit:326
16:29:29Moving to next step. 2 Current Spirit:326
16:29:29Sleeping 10 for animation delay and sending ACK, setting to 'Chain Ready'
16:29:39Received 0x05C. Current Status: Chain Ready   Showing all non 0 byte packets:
16:29:39Byte 1: 92
16:29:39Byte 2: 18
16:29:39Byte 3: 129
16:29:39Byte 4: 2
16:29:39Byte 5: 7
16:29:39Byte 9: 88
16:29:39Byte 10: 103
16:29:39Byte 21: 99
16:29:40Finished synth. Setting Status back to Initial
16:29:40Received 0x05C. Current Status: Initial   Showing all non 0 byte packets:
16:29:40Byte 1: 92
16:29:40Byte 2: 18
16:29:40Byte 3: 132
16:29:40Byte 4: 2
16:29:40Byte 5: 217
16:29:40Byte 6: 252
16:29:40Byte 7: 169
16:29:40Byte 8: 162
16:29:40Byte 9: 164
16:29:40Byte 10: 5
16:29:40Byte 11: 72
16:29:40Byte 12: 48
16:29:40Byte 13: 73
16:29:40Byte 14: 98
16:29:40Byte 15: 102
16:29:40Byte 16: 7
16:29:40Byte 17: 49
16:29:40Byte 19: 5
16:29:40Byte 20: 7
16:29:40Byte 21: 6
16:29:40Byte 22: 9
16:29:40Byte 23: 24
16:29:40Byte 24: 9
16:29:40Byte 25: 33
16:29:40Byte 26: 13
16:29:40Byte 27: 7
16:29:40Byte 28: 9
16:29:40Byte 29: 11
16:29:40Looking up Chain..Reverberation
16:29:40Reverberation: Found Crystal: Water Crystal
16:29:42Sending Synthchain: 26113.  Setting info.status to Spirit Update
16:29:43Received 0x05C. Current Status: Spirit Update   Showing all non 0 byte packets:
16:29:43Byte 1: 92
16:29:43Byte 2: 18
16:29:43Byte 3: 138
16:29:43Byte 4: 2
16:29:43Byte 5: 1
16:29:43Byte 9: 11
16:29:43Byte 17: 5
16:29:43Byte 21: 194
16:29:43Byte 22: 1
16:29:43Byte 25: 5
16:29:43Byte 33: 75
16:29:43Byte 34: 1
16:29:43Synth Success! Chain Performed:Fragmentation Spirit Gained:5 Current Spirit:331
16:29:43Moving to next step. 3 Current Spirit:331
16:29:43Sleeping 10 for animation delay and sending ACK, setting to 'Chain Ready'
16:29:53Received 0x05C. Current Status: Chain Ready   Showing all non 0 byte packets:
16:29:53Byte 1: 92
16:29:53Byte 2: 18
16:29:53Byte 3: 163
16:29:53Byte 4: 2
16:29:53Byte 5: 7
16:29:53Byte 9: 88
16:29:53Byte 10: 103
16:29:53Byte 21: 99
16:29:54Finished synth. Setting Status back to Initial
16:29:54Received 0x05C. Current Status: Initial   Showing all non 0 byte packets:
16:29:54Byte 1: 92
16:29:54Byte 2: 18
16:29:54Byte 3: 166
16:29:54Byte 4: 2
16:29:54Byte 5: 217
16:29:54Byte 6: 252
16:29:54Byte 7: 169
16:29:54Byte 8: 162
16:29:54Byte 9: 164
16:29:54Byte 10: 4
16:29:54Byte 11: 72
16:29:54Byte 12: 48
16:29:54Byte 13: 72
16:29:54Byte 14: 98
16:29:54Byte 15: 102
16:29:54Byte 16: 7
16:29:54Byte 17: 49
16:29:54Byte 19: 5
16:29:54Byte 20: 7
16:29:54Byte 21: 5
16:29:54Byte 22: 9
16:29:54Byte 23: 24
16:29:54Byte 24: 9
16:29:54Byte 25: 33
16:29:54Byte 26: 13
16:29:54Byte 27: 7
16:29:54Byte 28: 9
16:29:54Byte 29: 11
16:29:54Looking up Chain..Distortion
16:29:54Distortion: Found Crystal: Ice Crystal
16:29:56Sending Synthchain: 41473.  Setting info.status to Spirit Update
16:29:57Received 0x05C. Current Status: Spirit Update   Showing all non 0 byte packets:
16:29:57Byte 1: 92
16:29:57Byte 2: 18
16:29:57Byte 3: 172
16:29:57Byte 4: 2
16:29:57Byte 17: 1
16:29:57Byte 21: 194
16:29:57Byte 22: 1
16:29:57Byte 29: 1
16:29:57Byte 33: 75
16:29:57Byte 34: 1
16:29:57ERROR: Synth Fail. Resetting Chain. Current Spirit:331
16:29:57Sleeping 10 for animation delay and sending ACK, setting to 'Chain Ready'
16:30:07Received 0x05C. Current Status: Chain Ready   Showing all non 0 byte packets:
16:30:07Byte 1: 92
16:30:07Byte 2: 18
16:30:07Byte 3: 197
16:30:07Byte 4: 2
16:30:07Byte 5: 7
16:30:07Byte 9: 88
16:30:07Byte 10: 103
16:30:07Byte 21: 99
16:30:08Finished synth. Setting Status back to Initial
16:30:08Received 0x05C. Current Status: Initial   Showing all non 0 byte packets:
16:30:08Byte 1: 92
16:30:08Byte 2: 18
16:30:08Byte 3: 200
16:30:08Byte 4: 2
16:30:08Byte 5: 217
16:30:08Byte 6: 251
16:30:08Byte 7: 169
16:30:08Byte 8: 162
16:30:08Byte 9: 164
16:30:08Byte 10: 4
16:30:08Byte 11: 72
16:30:08Byte 12: 48
16:30:08Byte 13: 72
16:30:08Byte 14: 97
16:30:08Byte 15: 102
16:30:08Byte 16: 7
16:30:08Byte 17: 49
16:30:08Byte 19: 5
16:30:08Byte 20: 7
16:30:08Byte 21: 5
16:30:08Byte 22: 9
16:30:08Byte 23: 24
16:30:08Byte 24: 9
16:30:08Byte 25: 32
16:30:08Byte 26: 13
16:30:08Byte 27: 7
16:30:08Byte 28: 9
16:30:08Byte 29: 11
16:30:08Looking up Chain..Induration
16:30:08Induration: Found Crystal: Ice Crystal
16:30:10Sending Synthchain: 8705.  Setting info.status to Spirit Update
16:30:11Received 0x05C. Current Status: Spirit Update   Showing all non 0 byte packets:
16:30:11Byte 1: 92
16:30:11Byte 2: 18
16:30:11Byte 3: 206
16:30:11Byte 4: 2
16:30:11Byte 5: 3
16:30:11Byte 17: 1
16:30:11Byte 21: 194
16:30:11Byte 22: 1
16:30:11Byte 25: 2
16:30:11Byte 29: 2
16:30:11Byte 33: 77
16:30:11Byte 34: 1
16:30:11Moving to next step. 2 Current Spirit:333
16:30:11Sleeping 10 for animation delay and sending ACK, setting to 'Chain Ready'
16:30:21Received 0x05C. Current Status: Chain Ready   Showing all non 0 byte packets:
16:30:21Byte 1: 92
16:30:21Byte 2: 18
16:30:21Byte 3: 231
16:30:21Byte 4: 2
16:30:21Byte 5: 7
16:30:21Byte 9: 88
16:30:21Byte 10: 103
16:30:21Byte 21: 99
16:30:22Finished synth. Setting Status back to Initial
16:30:22Received 0x05C. Current Status: Initial   Showing all non 0 byte packets:
16:30:22Byte 1: 92
16:30:22Byte 2: 18
16:30:22Byte 3: 234
16:30:22Byte 4: 2
16:30:22Byte 5: 217
16:30:22Byte 6: 250
16:30:22Byte 7: 169
16:30:22Byte 8: 162
16:30:22Byte 9: 164
16:30:22Byte 10: 4
16:30:22Byte 11: 72
16:30:22Byte 12: 48
16:30:22Byte 13: 71
16:30:22Byte 14: 97
16:30:22Byte 15: 102
16:30:22Byte 16: 7
16:30:22Byte 17: 48
16:30:22Byte 19: 5
16:30:22Byte 20: 7
16:30:22Byte 21: 5
16:30:22Byte 22: 9
16:30:22Byte 23: 24
16:30:22Byte 24: 9
16:30:22Byte 25: 32
16:30:22Byte 26: 13
16:30:22Byte 27: 7
16:30:22Byte 28: 9
16:30:22Byte 29: 11
16:30:22Looking up Chain..Reverberation
16:30:22Reverberation: Found Crystal: Water Crystal
16:30:24Sending Synthchain: 26113.  Setting info.status to Spirit Update
16:30:25Received 0x05C. Current Status: Spirit Update   Showing all non 0 byte packets:
16:30:25Byte 1: 92
16:30:25Byte 2: 18
16:30:25Byte 3: 240
16:30:25Byte 4: 2
16:30:25Byte 5: 1
16:30:25Byte 9: 11
16:30:25Byte 17: 5
16:30:25Byte 21: 194
16:30:25Byte 22: 1
16:30:25Byte 25: 5
16:30:25Byte 33: 82
16:30:25Byte 34: 1
16:30:25Synth Success! Chain Performed:Fragmentation Spirit Gained:5 Current Spirit:338
16:30:25Moving to next step. 3 Current Spirit:338
16:30:25Sleeping 10 for animation delay and sending ACK, setting to 'Chain Ready'
16:30:35Received 0x05C. Current Status: Chain Ready   Showing all non 0 byte packets:
16:30:35Byte 1: 92
16:30:35Byte 2: 18
16:30:35Byte 3: 9
16:30:35Byte 4: 3
16:30:35Byte 5: 7
16:30:35Byte 9: 88
16:30:35Byte 10: 103
16:30:35Byte 21: 99
16:30:36Finished synth. Setting Status back to Initial
16:30:36Received 0x05C. Current Status: Initial   Showing all non 0 byte packets:
16:30:36Byte 1: 92
16:30:36Byte 2: 18
16:30:36Byte 3: 12
16:30:36Byte 4: 3
16:30:36Byte 5: 217
16:30:36Byte 6: 250
16:30:36Byte 7: 169
16:30:36Byte 8: 162
16:30:36Byte 9: 164
16:30:36Byte 10: 3
16:30:36Byte 11: 72
16:30:36Byte 12: 48
16:30:36Byte 13: 70
16:30:36Byte 14: 97
16:30:36Byte 15: 102
16:30:36Byte 16: 7
16:30:36Byte 17: 48
16:30:36Byte 19: 5
16:30:36Byte 20: 7
16:30:36Byte 21: 4
16:30:36Byte 22: 9
16:30:36Byte 23: 24
16:30:36Byte 24: 9
16:30:36Byte 25: 32
16:30:36Byte 26: 13
16:30:36Byte 27: 7
16:30:36Byte 28: 9
16:30:36Byte 29: 11
16:30:36Looking up Chain..Distortion
16:30:36Distortion: Found Crystal: Ice Crystal
16:30:38Sending Synthchain: 41473.  Setting info.status to Spirit Update
16:30:39Received 0x05C. Current Status: Spirit Update   Showing all non 0 byte packets:
16:30:39Byte 1: 92
16:30:39Byte 2: 18
16:30:39Byte 3: 18
16:30:39Byte 4: 3
16:30:39Byte 5: 1
16:30:39Byte 9: 10
16:30:39Byte 17: 1
16:30:39Byte 21: 194
16:30:39Byte 22: 1
16:30:39Byte 25: 5
16:30:39Byte 29: 1
16:30:39Byte 33: 87
16:30:39Byte 34: 1
16:30:39Synth Success! Chain Performed:Distortion Spirit Gained:5 Current Spirit:343
16:30:39Moving to next step. 4 Current Spirit:343
16:30:39Sleeping 10 for animation delay and sending ACK, setting to 'Chain Ready'
16:30:49Received 0x05C. Current Status: Chain Ready   Showing all non 0 byte packets:
16:30:49Byte 1: 92
16:30:49Byte 2: 18
16:30:49Byte 3: 43
16:30:49Byte 4: 3
16:30:49Byte 5: 7
16:30:49Byte 9: 88
16:30:49Byte 10: 103
16:30:49Byte 21: 99
16:30:50Finished synth. Setting Status back to Initial
16:30:50Received 0x05C. Current Status: Initial   Showing all non 0 byte packets:
16:30:50Byte 1: 92
16:30:50Byte 2: 18
16:30:50Byte 3: 46
16:30:50Byte 4: 3
16:30:50Byte 5: 217
16:30:50Byte 6: 249
16:30:50Byte 7: 169
16:30:50Byte 8: 162
16:30:50Byte 9: 164
16:30:50Byte 10: 3
16:30:50Byte 11: 72
16:30:50Byte 12: 48
16:30:50Byte 13: 70
16:30:50Byte 14: 96
16:30:50Byte 15: 102
16:30:50Byte 16: 7
16:30:50Byte 17: 48
16:30:50Byte 19: 5
16:30:50Byte 20: 7
16:30:50Byte 21: 4
16:30:50Byte 22: 9
16:30:50Byte 23: 24
16:30:50Byte 24: 9
16:30:50Byte 25: 31
16:30:50Byte 26: 13
16:30:50Byte 27: 7
16:30:50Byte 28: 9
16:30:50Byte 29: 11
16:30:50Looking up Chain..Gravitation
16:30:50Gravitation: Found Crystal: Dark Crystal
16:30:52Sending Synthchain: 51201.  Setting info.status to Spirit Update
16:30:52Received 0x05C. Current Status: Spirit Update   Showing all non 0 byte packets:
16:30:52Byte 1: 92
16:30:52Byte 2: 18
16:30:52Byte 3: 52
16:30:52Byte 4: 3
16:30:52Byte 5: 2
16:30:52Byte 9: 14
16:30:52Byte 17: 7
16:30:52Byte 21: 194
16:30:52Byte 22: 1
16:30:52Byte 25: 23
16:30:52Byte 33: 110
16:30:52Byte 34: 1
16:30:52HQ Synth Success! Chain Performed:Darkness Spirit Gained:23 Current Spirit:366
16:30:52Moving to next step. 5 Current Spirit:366
16:30:52Sleeping 10 for animation delay and sending ACK, setting to 'Chain Ready'
16:31:03Received 0x05C. Current Status: Chain Ready   Showing all non 0 byte packets:
16:31:03Byte 1: 92
16:31:03Byte 2: 18
16:31:03Byte 3: 77
16:31:03Byte 4: 3
16:31:03Byte 5: 7
16:31:03Byte 9: 88
16:31:03Byte 10: 103
16:31:03Byte 21: 99
16:31:04Finished synth. Setting Status back to Initial
16:31:04Received 0x05C. Current Status: Initial   Showing all non 0 byte packets:
16:31:04Byte 1: 92
16:31:04Byte 2: 18
16:31:04Byte 3: 80
16:31:04Byte 4: 3
16:31:04Byte 5: 217
16:31:04Byte 6: 249
16:31:04Byte 7: 169
16:31:04Byte 8: 162
16:31:04Byte 9: 164
16:31:04Byte 10: 3
16:31:04Byte 11: 72
16:31:04Byte 12: 47
16:31:04Byte 13: 70
16:31:04Byte 14: 95
16:31:04Byte 15: 102
16:31:04Byte 16: 7
16:31:04Byte 17: 48
16:31:04Byte 19: 5
16:31:04Byte 20: 7
16:31:04Byte 21: 4
16:31:04Byte 22: 9
16:31:04Byte 23: 24
16:31:04Byte 24: 9
16:31:04Byte 25: 31
16:31:04Byte 26: 13
16:31:04Byte 27: 6
16:31:04Byte 28: 9
16:31:04Byte 29: 11
16:31:04Looking up Chain..Darkness
16:31:04Darkness: Found Crystal: Dark Crystal
16:31:06Sending Synthchain: 59393.  Setting info.status to Spirit Update
16:31:06Received 0x05C. Current Status: Spirit Update   Showing all non 0 byte packets:
16:31:06Byte 1: 92
16:31:06Byte 2: 18
16:31:06Byte 3: 86
16:31:06Byte 4: 3
16:31:06Byte 17: 7
16:31:06Byte 21: 194
16:31:06Byte 22: 1
16:31:06Byte 29: 1
16:31:06Byte 33: 110
16:31:06Byte 34: 1
16:31:06ERROR: Synth Fail. Resetting Chain. Current Spirit:366
16:31:06Sleeping 10 for animation delay and sending ACK, setting to 'Chain Ready'
16:31:17Received 0x05C. Current Status: Chain Ready   Showing all non 0 byte packets:
16:31:17Byte 1: 92
16:31:17Byte 2: 18
16:31:17Byte 3: 112
16:31:17Byte 4: 3
16:31:17Byte 5: 7
16:31:17Byte 9: 88
16:31:17Byte 10: 103
16:31:17Byte 21: 99
16:31:18Finished synth. Setting Status back to Initial
16:31:18Received 0x05C. Current Status: Initial   Showing all non 0 byte packets:
16:31:18Byte 1: 92
16:31:18Byte 2: 18
16:31:18Byte 3: 115
16:31:18Byte 4: 3
16:31:18Byte 5: 217
16:31:18Byte 6: 249
16:31:18Byte 7: 169
16:31:18Byte 8: 162
16:31:18Byte 9: 164
16:31:18Byte 10: 3
16:31:18Byte 11: 72
16:31:18Byte 12: 46
16:31:18Byte 13: 70
16:31:18Byte 14: 95
16:31:18Byte 15: 101
16:31:18Byte 16: 7
16:31:18Byte 17: 48
16:31:18Byte 19: 5
16:31:18Byte 20: 7
16:31:18Byte 21: 4
16:31:18Byte 22: 9
16:31:18Byte 23: 24
16:31:18Byte 24: 9
16:31:18Byte 25: 31
16:31:18Byte 26: 13
16:31:18Byte 27: 6
16:31:18Byte 28: 9
16:31:18Byte 29: 10
16:31:18Looking up Chain..Induration
16:31:18Induration: Found Crystal: Ice Crystal
16:31:20Sending Synthchain: 8705.  Setting info.status to Spirit Update
16:31:21Received 0x05C. Current Status: Spirit Update   Showing all non 0 byte packets:
16:31:21Byte 1: 92
16:31:21Byte 2: 18
16:31:21Byte 3: 121
16:31:21Byte 4: 3
16:31:21Byte 5: 1
16:31:21Byte 17: 1
16:31:21Byte 21: 194
16:31:21Byte 22: 1
16:31:21Byte 25: 1
16:31:21Byte 29: 1
16:31:21Byte 33: 111
16:31:21Byte 34: 1
16:31:21Synth Success! Chain Performed:None Spirit Gained:1 Current Spirit:367
16:31:21Moving to next step. 2 Current Spirit:367
16:31:21Sleeping 10 for animation delay and sending ACK, setting to 'Chain Ready'
16:31:31Received 0x05C. Current Status: Chain Ready   Showing all non 0 byte packets:
16:31:31Byte 1: 92
16:31:31Byte 2: 18
16:31:31Byte 3: 146
16:31:31Byte 4: 3
16:31:31Byte 5: 7
16:31:31Byte 9: 88
16:31:31Byte 10: 103
16:31:31Byte 21: 99
16:31:32Finished synth. Setting Status back to Initial
16:31:32Received 0x05C. Current Status: Initial   Showing all non 0 byte packets:
16:31:32Byte 1: 92
16:31:32Byte 2: 18
16:31:32Byte 3: 149
16:31:32Byte 4: 3
16:31:32Byte 5: 217
16:31:32Byte 6: 248
16:31:32Byte 7: 169
16:31:32Byte 8: 162
16:31:32Byte 9: 164
16:31:32Byte 10: 3
16:31:32Byte 11: 72
16:31:32Byte 12: 46
16:31:32Byte 13: 69
16:31:32Byte 14: 95
16:31:32Byte 15: 101
16:31:32Byte 16: 7
16:31:32Byte 17: 47
16:31:32Byte 19: 5
16:31:32Byte 20: 7
16:31:32Byte 21: 4
16:31:32Byte 22: 9
16:31:32Byte 23: 24
16:31:32Byte 24: 9
16:31:32Byte 25: 31
16:31:32Byte 26: 13
16:31:32Byte 27: 6
16:31:32Byte 28: 9
16:31:32Byte 29: 10
16:31:32Looking up Chain..Reverberation
16:31:32Reverberation: Found Crystal: Water Crystal
16:31:34Sending Synthchain: 26113.  Setting info.status to Spirit Update
16:31:35Received 0x05C. Current Status: Spirit Update   Showing all non 0 byte packets:
16:31:35Byte 1: 92
16:31:35Byte 2: 18
16:31:35Byte 3: 155
16:31:35Byte 4: 3
16:31:35Byte 5: 1
16:31:35Byte 9: 11
16:31:35Byte 17: 5
16:31:35Byte 21: 194
16:31:35Byte 22: 1
16:31:35Byte 25: 5
16:31:35Byte 33: 116
16:31:35Byte 34: 1
16:31:35Synth Success! Chain Performed:Fragmentation Spirit Gained:5 Current Spirit:372
16:31:35Moving to next step. 3 Current Spirit:372
16:31:35Sleeping 10 for animation delay and sending ACK, setting to 'Chain Ready'
16:31:45Received 0x05C. Current Status: Chain Ready   Showing all non 0 byte packets:
16:31:45Byte 1: 92
16:31:45Byte 2: 18
16:31:45Byte 3: 180
16:31:45Byte 4: 3
16:31:45Byte 5: 7
16:31:45Byte 9: 88
16:31:45Byte 10: 103
16:31:45Byte 21: 99
16:31:46Finished synth. Setting Status back to Initial
16:31:46Received 0x05C. Current Status: Initial   Showing all non 0 byte packets:
16:31:46Byte 1: 92
16:31:46Byte 2: 18
16:31:46Byte 3: 183
16:31:46Byte 4: 3
16:31:46Byte 5: 217
16:31:46Byte 6: 248
16:31:46Byte 7: 169
16:31:46Byte 8: 162
16:31:46Byte 9: 164
16:31:46Byte 10: 2
16:31:46Byte 11: 72
16:31:46Byte 12: 46
16:31:46Byte 13: 68
16:31:46Byte 14: 95
16:31:46Byte 15: 101
16:31:46Byte 16: 7
16:31:46Byte 17: 47
16:31:46Byte 19: 5
16:31:46Byte 20: 7
16:31:46Byte 21: 3
16:31:46Byte 22: 9
16:31:46Byte 23: 24
16:31:46Byte 24: 9
16:31:46Byte 25: 31
16:31:46Byte 26: 13
16:31:46Byte 27: 6
16:31:46Byte 28: 9
16:31:46Byte 29: 10
16:31:46Looking up Chain..Distortion
16:31:46Distortion: Found Crystal: Ice Crystal
16:31:48Sending Synthchain: 41473.  Setting info.status to Spirit Update
16:31:48Received 0x05C. Current Status: Spirit Update   Showing all non 0 byte packets:
16:31:48Byte 1: 92
16:31:48Byte 2: 18
16:31:48Byte 3: 189
16:31:48Byte 4: 3
16:31:48Byte 5: 1
16:31:48Byte 9: 10
16:31:48Byte 17: 1
16:31:48Byte 21: 194
16:31:48Byte 22: 1
16:31:48Byte 25: 5
16:31:48Byte 29: 1
16:31:48Byte 33: 121
16:31:48Byte 34: 1
16:31:48Synth Success! Chain Performed:Distortion Spirit Gained:5 Current Spirit:377
16:31:48Moving to next step. 4 Current Spirit:377
16:31:48Sleeping 10 for animation delay and sending ACK, setting to 'Chain Ready'
16:31:59Received 0x05C. Current Status: Chain Ready   Showing all non 0 byte packets:
16:31:59Byte 1: 92
16:31:59Byte 2: 18
16:31:59Byte 3: 214
16:31:59Byte 4: 3
16:31:59Byte 5: 7
16:31:59Byte 9: 88
16:31:59Byte 10: 103
16:31:59Byte 21: 99
16:32:00Finished synth. Setting Status back to Initial
16:32:00Received 0x05C. Current Status: Initial   Showing all non 0 byte packets:
16:32:00Byte 1: 92
16:32:00Byte 2: 18
16:32:00Byte 3: 217
16:32:00Byte 4: 3
16:32:00Byte 5: 217
16:32:00Byte 6: 247
16:32:00Byte 7: 169
16:32:00Byte 8: 162
16:32:00Byte 9: 164
16:32:00Byte 10: 2
16:32:00Byte 11: 72
16:32:00Byte 12: 46
16:32:00Byte 13: 68
16:32:00Byte 14: 94
16:32:00Byte 15: 101
16:32:00Byte 16: 7
16:32:00Byte 17: 47
16:32:00Byte 19: 5
16:32:00Byte 20: 7
16:32:00Byte 21: 3
16:32:00Byte 22: 9
16:32:00Byte 23: 24
16:32:00Byte 24: 9
16:32:00Byte 25: 30
16:32:00Byte 26: 13
16:32:00Byte 27: 6
16:32:00Byte 28: 9
16:32:00Byte 29: 10
16:32:00Looking up Chain..Gravitation
16:32:00Gravitation: Found Crystal: Dark Crystal
16:32:02Sending Synthchain: 51201.  Setting info.status to Spirit Update
16:32:02Received 0x05C. Current Status: Spirit Update   Showing all non 0 byte packets:
16:32:02Byte 1: 92
16:32:02Byte 2: 18
16:32:02Byte 3: 223
16:32:02Byte 4: 3
16:32:02Byte 5: 1
16:32:02Byte 9: 14
16:32:02Byte 17: 7
16:32:02Byte 21: 194
16:32:02Byte 22: 1
16:32:02Byte 25: 15
16:32:02Byte 33: 136
16:32:02Byte 34: 1
16:32:02Synth Success! Chain Performed:Darkness Spirit Gained:15 Current Spirit:392
16:32:02Moving to next step. 5 Current Spirit:392
16:32:02Sleeping 10 for animation delay and sending ACK, setting to 'Chain Ready'
16:32:13Received 0x05C. Current Status: Chain Ready   Showing all non 0 byte packets:
16:32:13Byte 1: 92
16:32:13Byte 2: 18
16:32:13Byte 3: 248
16:32:13Byte 4: 3
16:32:13Byte 5: 7
16:32:13Byte 9: 88
16:32:13Byte 10: 103
16:32:13Byte 21: 99
16:32:14Finished synth. Setting Status back to Initial
16:32:14Received 0x05C. Current Status: Initial   Showing all non 0 byte packets:
16:32:14Byte 1: 92
16:32:14Byte 2: 18
16:32:14Byte 3: 251
16:32:14Byte 4: 3
16:32:14Byte 5: 217
16:32:14Byte 6: 247
16:32:14Byte 7: 169
16:32:14Byte 8: 162
16:32:14Byte 9: 164
16:32:14Byte 10: 2
16:32:14Byte 11: 72
16:32:14Byte 12: 45
16:32:14Byte 13: 68
16:32:14Byte 14: 93
16:32:14Byte 15: 101
16:32:14Byte 16: 7
16:32:14Byte 17: 47
16:32:14Byte 19: 5
16:32:14Byte 20: 7
16:32:14Byte 21: 3
16:32:14Byte 22: 9
16:32:14Byte 23: 24
16:32:14Byte 24: 9
16:32:14Byte 25: 30
16:32:14Byte 26: 13
16:32:14Byte 27: 5
16:32:14Byte 28: 9
16:32:14Byte 29: 10
16:32:14Looking up Chain..Darkness
16:32:14Darkness: Found Crystal: Dark Crystal
16:32:16Sending Synthchain: 59393.  Setting info.status to Spirit Update
16:32:16Received 0x05C. Current Status: Spirit Update   Showing all non 0 byte packets:
16:32:16Byte 1: 92
16:32:16Byte 2: 18
16:32:16Byte 3: 1
16:32:16Byte 4: 4
16:32:16Byte 5: 1
16:32:16Byte 9: 14
16:32:16Byte 17: 7
16:32:16Byte 21: 194
16:32:16Byte 22: 1
16:32:16Byte 25: 15
16:32:16Byte 29: 2
16:32:16Byte 33: 151
16:32:16Byte 34: 1
16:32:16Synth Success! Chain Performed:Darkness Spirit Gained:15 Current Spirit:407
16:32:16Hit end of chain - resetting. Current Spirit:407
16:32:16Sleeping 10 for animation delay and sending ACK, setting to 'Chain Ready'
16:32:26Received 0x05C. Current Status: Chain Ready   Showing all non 0 byte packets:
16:32:26Byte 1: 92
16:32:26Byte 2: 18
16:32:26Byte 3: 26
16:32:26Byte 4: 4
16:32:26Byte 5: 7
16:32:26Byte 9: 88
16:32:26Byte 10: 103
16:32:26Byte 21: 99
16:32:27Finished synth. Setting Status back to Initial
16:32:28Received 0x05C. Current Status: Initial   Showing all non 0 byte packets:
16:32:28Byte 1: 92
16:32:28Byte 2: 18
16:32:28Byte 3: 29
16:32:28Byte 4: 4
16:32:28Byte 5: 217
16:32:28Byte 6: 247
16:32:28Byte 7: 169
16:32:28Byte 8: 162
16:32:28Byte 9: 164
16:32:28Byte 10: 2
16:32:28Byte 11: 72
16:32:28Byte 12: 44
16:32:28Byte 13: 68
16:32:28Byte 14: 93
16:32:28Byte 15: 100
16:32:28Byte 16: 7
16:32:28Byte 17: 47
16:32:28Byte 19: 5
16:32:28Byte 20: 7
16:32:28Byte 21: 3
16:32:28Byte 22: 9
16:32:28Byte 23: 24
16:32:28Byte 24: 9
16:32:28Byte 25: 30
16:32:28Byte 26: 13
16:32:28Byte 27: 5
16:32:28Byte 28: 9
16:32:28Byte 29: 9
16:32:28Looking up Chain..Induration
16:32:28Induration: Found Crystal: Ice Crystal
16:32:30Sending Synthchain: 8705.  Setting info.status to Spirit Update
16:32:30Received 0x05C. Current Status: Spirit Update   Showing all non 0 byte packets:
16:32:30Byte 1: 92
16:32:30Byte 2: 18
16:32:30Byte 3: 35
16:32:30Byte 4: 4
16:32:30Byte 5: 1
16:32:30Byte 17: 1
16:32:30Byte 21: 194
16:32:30Byte 22: 1
16:32:30Byte 25: 1
16:32:30Byte 29: 2
16:32:30Byte 33: 152
16:32:30Byte 34: 1
16:32:30Synth Success! Chain Performed:None Spirit Gained:1 Current Spirit:408
16:32:30Moving to next step. 2 Current Spirit:408
16:32:30Sleeping 10 for animation delay and sending ACK, setting to 'Chain Ready'
16:32:41Received 0x05C. Current Status: Chain Ready   Showing all non 0 byte packets:
16:32:41Byte 1: 92
16:32:41Byte 2: 18
16:32:41Byte 3: 61
16:32:41Byte 4: 4
16:32:41Byte 5: 7
16:32:41Byte 9: 88
16:32:41Byte 10: 103
16:32:41Byte 21: 99
16:32:42Finished synth. Setting Status back to Initial
16:32:42Received 0x05C. Current Status: Initial   Showing all non 0 byte packets:
16:32:42Byte 1: 92
16:32:42Byte 2: 18
16:32:42Byte 3: 64
16:32:42Byte 4: 4
16:32:42Byte 5: 217
16:32:42Byte 6: 246
16:32:42Byte 7: 169
16:32:42Byte 8: 162
16:32:42Byte 9: 164
16:32:42Byte 10: 2
16:32:42Byte 11: 72
16:32:42Byte 12: 44
16:32:42Byte 13: 67
16:32:42Byte 14: 93
16:32:42Byte 15: 100
16:32:42Byte 16: 7
16:32:42Byte 17: 46
16:32:42Byte 19: 5
16:32:42Byte 20: 7
16:32:42Byte 21: 3
16:32:42Byte 22: 9
16:32:42Byte 23: 24
16:32:42Byte 24: 9
16:32:42Byte 25: 30
16:32:42Byte 26: 13
16:32:42Byte 27: 5
16:32:42Byte 28: 9
16:32:42Byte 29: 9
16:32:42Looking up Chain..Reverberation
16:32:42Reverberation: Found Crystal: Water Crystal
16:32:44Sending Synthchain: 26113.  Setting info.status to Spirit Update
16:32:45Received 0x05C. Current Status: Spirit Update   Showing all non 0 byte packets:
16:32:45Byte 1: 92
16:32:45Byte 2: 18
16:32:45Byte 3: 70
16:32:45Byte 4: 4
16:32:45Byte 5: 1
16:32:45Byte 9: 11
16:32:45Byte 17: 5
16:32:45Byte 21: 194
16:32:45Byte 22: 1
16:32:45Byte 25: 5
16:32:45Byte 33: 157
16:32:45Byte 34: 1
16:32:45Synth Success! Chain Performed:Fragmentation Spirit Gained:5 Current Spirit:413
16:32:45Moving to next step. 3 Current Spirit:413
16:32:45Sleeping 10 for animation delay and sending ACK, setting to 'Chain Ready'
16:32:55Received 0x05C. Current Status: Chain Ready   Showing all non 0 byte packets:
16:32:55Byte 1: 92
16:32:55Byte 2: 18
16:32:55Byte 3: 95
16:32:55Byte 4: 4
16:32:55Byte 5: 7
16:32:55Byte 9: 88
16:32:55Byte 10: 103
16:32:55Byte 21: 99
16:32:56Finished synth. Setting Status back to Initial
16:32:56Received 0x05C. Current Status: Initial   Showing all non 0 byte packets:
16:32:56Byte 1: 92
16:32:56Byte 2: 18
16:32:56Byte 3: 98
16:32:56Byte 4: 4
16:32:56Byte 5: 217
16:32:56Byte 6: 246
16:32:56Byte 7: 169
16:32:56Byte 8: 162
16:32:56Byte 9: 164
16:32:56Byte 10: 1
16:32:56Byte 11: 72
16:32:56Byte 12: 44
16:32:56Byte 13: 66
16:32:56Byte 14: 93
16:32:56Byte 15: 100
16:32:56Byte 16: 7
16:32:56Byte 17: 46
16:32:56Byte 19: 5
16:32:56Byte 20: 7
16:32:56Byte 21: 2
16:32:56Byte 22: 9
16:32:56Byte 23: 24
16:32:56Byte 24: 9
16:32:56Byte 25: 30
16:32:56Byte 26: 13
16:32:56Byte 27: 5
16:32:56Byte 28: 9
16:32:56Byte 29: 9
16:32:56Looking up Chain..Distortion
16:32:56Distortion: Found Crystal: Ice Crystal
16:32:58Sending Synthchain: 41473.  Setting info.status to Spirit Update
16:32:58Received 0x05C. Current Status: Spirit Update   Showing all non 0 byte packets:
16:32:58Byte 1: 92
16:32:58Byte 2: 18
16:32:58Byte 3: 104
16:32:58Byte 4: 4
16:32:58Byte 5: 1
16:32:58Byte 9: 10
16:32:58Byte 17: 1
16:32:58Byte 21: 194
16:32:58Byte 22: 1
16:32:58Byte 25: 5
16:32:58Byte 29: 1
16:32:58Byte 33: 162
16:32:58Byte 34: 1
16:32:58Synth Success! Chain Performed:Distortion Spirit Gained:5 Current Spirit:418
16:32:58Moving to next step. 4 Current Spirit:418
16:32:58Sleeping 10 for animation delay and sending ACK, setting to 'Chain Ready'
16:33:09Received 0x05C. Current Status: Chain Ready   Showing all non 0 byte packets:
16:33:09Byte 1: 92
16:33:09Byte 2: 18
16:33:09Byte 3: 129
16:33:09Byte 4: 4
16:33:09Byte 5: 7
16:33:09Byte 9: 88
16:33:09Byte 10: 103
16:33:09Byte 21: 99
16:33:10Finished synth. Setting Status back to Initial
16:33:10Received 0x05C. Current Status: Initial   Showing all non 0 byte packets:
16:33:10Byte 1: 92
16:33:10Byte 2: 18
16:33:10Byte 3: 133
16:33:10Byte 4: 4
16:33:10Byte 5: 217
16:33:10Byte 6: 245
16:33:10Byte 7: 169
16:33:10Byte 8: 162
16:33:10Byte 9: 164
16:33:10Byte 10: 1
16:33:10Byte 11: 72
16:33:10Byte 12: 44
16:33:10Byte 13: 66
16:33:10Byte 14: 92
16:33:10Byte 15: 100
16:33:10Byte 16: 7
16:33:10Byte 17: 46
16:33:10Byte 19: 5
16:33:10Byte 20: 7
16:33:10Byte 21: 2
16:33:10Byte 22: 9
16:33:10Byte 23: 24
16:33:10Byte 24: 9
16:33:10Byte 25: 29
16:33:10Byte 26: 13
16:33:10Byte 27: 5
16:33:10Byte 28: 9
16:33:10Byte 29: 9
16:33:10Looking up Chain..Gravitation
16:33:10Gravitation: Found Crystal: Dark Crystal
16:33:12Sending Synthchain: 51201.  Setting info.status to Spirit Update
16:33:13Received 0x05C. Current Status: Spirit Update   Showing all non 0 byte packets:
16:33:13Byte 1: 92
16:33:13Byte 2: 18
16:33:13Byte 3: 139
16:33:13Byte 4: 4
16:33:13Byte 5: 1
16:33:13Byte 9: 14
16:33:13Byte 17: 7
16:33:13Byte 21: 194
16:33:13Byte 22: 1
16:33:13Byte 25: 15
16:33:13Byte 33: 177
16:33:13Byte 34: 1
16:33:13Synth Success! Chain Performed:Darkness Spirit Gained:15 Current Spirit:433
16:33:13Moving to next step. 5 Current Spirit:433
16:33:13Sleeping 10 for animation delay and sending ACK, setting to 'Chain Ready'
16:33:23Received 0x05C. Current Status: Chain Ready   Showing all non 0 byte packets:
16:33:23Byte 1: 92
16:33:23Byte 2: 18
16:33:23Byte 3: 164
16:33:23Byte 4: 4
16:33:23Byte 5: 7
16:33:23Byte 9: 88
16:33:23Byte 10: 103
16:33:23Byte 21: 99
16:33:24Finished synth. Setting Status back to Initial
16:33:24Received 0x05C. Current Status: Initial   Showing all non 0 byte packets:
16:33:24Byte 1: 92
16:33:24Byte 2: 18
16:33:24Byte 3: 167
16:33:24Byte 4: 4
16:33:24Byte 5: 217
16:33:24Byte 6: 245
16:33:24Byte 7: 169
16:33:24Byte 8: 162
16:33:24Byte 9: 164
16:33:24Byte 10: 1
16:33:24Byte 11: 72
16:33:24Byte 12: 43
16:33:24Byte 13: 66
16:33:24Byte 14: 91
16:33:24Byte 15: 100
16:33:24Byte 16: 7
16:33:24Byte 17: 46
16:33:24Byte 19: 5
16:33:24Byte 20: 7
16:33:24Byte 21: 2
16:33:24Byte 22: 9
16:33:24Byte 23: 24
16:33:24Byte 24: 9
16:33:24Byte 25: 29
16:33:24Byte 26: 13
16:33:24Byte 27: 4
16:33:24Byte 28: 9
16:33:24Byte 29: 9
16:33:24Looking up Chain..Darkness
16:33:24Darkness: Found Crystal: Dark Crystal
16:33:26Sending Synthchain: 59393.  Setting info.status to Spirit Update
16:33:27Received 0x05C. Current Status: Spirit Update   Showing all non 0 byte packets:
16:33:27Byte 1: 92
16:33:27Byte 2: 18
16:33:27Byte 3: 173
16:33:27Byte 4: 4
16:33:27Byte 5: 1
16:33:27Byte 9: 14
16:33:27Byte 17: 7
16:33:27Byte 21: 194
16:33:27Byte 22: 1
16:33:27Byte 25: 15
16:33:27Byte 29: 2
16:33:27Byte 33: 192
16:33:27Byte 34: 1
16:33:27Synth Success! Chain Performed:Darkness Spirit Gained:15 Current Spirit:448
16:33:27Hit end of chain - resetting. Current Spirit:448
16:33:27Sleeping 10 for animation delay and sending ACK, setting to 'Chain Ready'
16:33:37Received 0x05C. Current Status: Chain Ready   Showing all non 0 byte packets:
16:33:37Byte 1: 92
16:33:37Byte 2: 18
16:33:37Byte 3: 198
16:33:37Byte 4: 4
16:33:37Byte 5: 7
16:33:37Byte 9: 88
16:33:37Byte 10: 103
16:33:37Byte 21: 99
16:33:38Finished synth. Setting Status back to Initial
16:33:38Received 0x05C. Current Status: Initial   Showing all non 0 byte packets:
16:33:38Byte 1: 92
16:33:38Byte 2: 18
16:33:38Byte 3: 201
16:33:38Byte 4: 4
16:33:38Byte 5: 217
16:33:38Byte 6: 245
16:33:38Byte 7: 169
16:33:38Byte 8: 162
16:33:38Byte 9: 164
16:33:38Byte 10: 1
16:33:38Byte 11: 72
16:33:38Byte 12: 42
16:33:38Byte 13: 66
16:33:38Byte 14: 91
16:33:38Byte 15: 99
16:33:38Byte 16: 7
16:33:38Byte 17: 46
16:33:38Byte 19: 5
16:33:38Byte 20: 7
16:33:38Byte 21: 2
16:33:38Byte 22: 9
16:33:38Byte 23: 24
16:33:38Byte 24: 9
16:33:38Byte 25: 29
16:33:38Byte 26: 13
16:33:38Byte 27: 4
16:33:38Byte 28: 9
16:33:38Byte 29: 8
16:33:38Looking up Chain..Induration
16:33:38Induration: Found Crystal: Ice Crystal
16:33:40Sending Synthchain: 8705.  Setting info.status to Spirit Update
16:33:40Received 0x05C. Current Status: Spirit Update   Showing all non 0 byte packets:
16:33:40Byte 1: 92
16:33:40Byte 2: 18
16:33:40Byte 3: 207
16:33:40Byte 4: 4
16:33:40Byte 5: 1
16:33:40Byte 17: 1
16:33:40Byte 21: 194
16:33:40Byte 22: 1
16:33:40Byte 25: 1
16:33:40Byte 29: 2
16:33:40Byte 33: 193
16:33:40Byte 34: 1
16:33:40Synth Success! Chain Performed:None Spirit Gained:1 Current Spirit:449
16:33:40Moving to next step. 2 Current Spirit:449
16:33:40Sleeping 10 for animation delay and sending ACK, setting to 'Chain Ready'
16:33:51Received 0x05C. Current Status: Chain Ready   Showing all non 0 byte packets:
16:33:51Byte 1: 92
16:33:51Byte 2: 18
16:33:51Byte 3: 232
16:33:51Byte 4: 4
16:33:51Byte 5: 7
16:33:51Byte 9: 88
16:33:51Byte 10: 103
16:33:51Byte 21: 99
16:33:52Finished synth. Setting Status back to Initial
16:33:52Received 0x05C. Current Status: Initial   Showing all non 0 byte packets:
16:33:52Byte 1: 92
16:33:52Byte 2: 18
16:33:52Byte 3: 236
16:33:52Byte 4: 4
16:33:52Byte 5: 217
16:33:52Byte 6: 244
16:33:52Byte 7: 169
16:33:52Byte 8: 162
16:33:52Byte 9: 164
16:33:52Byte 10: 1
16:33:52Byte 11: 72
16:33:52Byte 12: 42
16:33:52Byte 13: 65
16:33:52Byte 14: 91
16:33:52Byte 15: 99
16:33:52Byte 16: 7
16:33:52Byte 17: 45
16:33:52Byte 19: 5
16:33:52Byte 20: 7
16:33:52Byte 21: 2
16:33:52Byte 22: 9
16:33:52Byte 23: 24
16:33:52Byte 24: 9
16:33:52Byte 25: 29
16:33:52Byte 26: 13
16:33:52Byte 27: 4
16:33:52Byte 28: 9
16:33:52Byte 29: 8
16:33:52Looking up Chain..Reverberation
16:33:52Reverberation: Found Crystal: Water Crystal
16:33:54Sending Synthchain: 26113.  Setting info.status to Spirit Update
16:33:55Received 0x05C. Current Status: Spirit Update   Showing all non 0 byte packets:
16:33:55Byte 1: 92
16:33:55Byte 2: 18
16:33:55Byte 3: 242
16:33:55Byte 4: 4
16:33:55Byte 5: 1
16:33:55Byte 9: 11
16:33:55Byte 17: 5
16:33:55Byte 21: 194
16:33:55Byte 22: 1
16:33:55Byte 25: 5
16:33:55Byte 33: 198
16:33:55Byte 34: 1
16:33:55Synth Success! Chain Performed:Fragmentation Spirit Gained:5 Current Spirit:454
16:33:55Moving to next step. 3 Current Spirit:454
16:33:55Sleeping 10 for animation delay and sending ACK, setting to 'Chain Ready'
16:34:05Received 0x05C. Current Status: Chain Ready   Showing all non 0 byte packets:
16:34:05Byte 1: 92
16:34:05Byte 2: 18
16:34:05Byte 3: 11
16:34:05Byte 4: 5
16:34:05Byte 5: 7
16:34:05Byte 9: 88
16:34:05Byte 10: 103
16:34:05Byte 21: 99
16:34:06Finished synth. Setting Status back to Initial
16:34:06Received 0x05C. Current Status: Initial   Showing all non 0 byte packets:
16:34:06Byte 1: 92
16:34:06Byte 2: 18
16:34:06Byte 3: 14
16:34:06Byte 4: 5
16:34:06Byte 5: 217
16:34:06Byte 6: 244
16:34:06Byte 7: 169
16:34:06Byte 8: 162
16:34:06Byte 9: 164
16:34:06Byte 11: 72
16:34:06Byte 12: 42
16:34:06Byte 13: 64
16:34:06Byte 14: 91
16:34:06Byte 15: 99
16:34:06Byte 16: 7
16:34:06Byte 17: 45
16:34:06Byte 19: 5
16:34:06Byte 20: 7
16:34:06Byte 21: 1
16:34:06Byte 22: 9
16:34:06Byte 23: 24
16:34:06Byte 24: 9
16:34:06Byte 25: 29
16:34:06Byte 26: 13
16:34:06Byte 27: 4
16:34:06Byte 28: 9
16:34:06Byte 29: 8
16:34:06Looking up Chain..Distortion
16:34:06Distortion: Found Crystal: Ice Crystal
16:34:08Sending Synthchain: 41473.  Setting info.status to Spirit Update
16:34:09Received 0x05C. Current Status: Spirit Update   Showing all non 0 byte packets:
16:34:09Byte 1: 92
16:34:09Byte 2: 18
16:34:09Byte 3: 20
16:34:09Byte 4: 5
16:34:09Byte 5: 1
16:34:09Byte 9: 10
16:34:09Byte 17: 1
16:34:09Byte 21: 194
16:34:09Byte 22: 1
16:34:09Byte 25: 5
16:34:09Byte 29: 1
16:34:09Byte 33: 203
16:34:09Byte 34: 1
16:34:09Synth Success! Chain Performed:Distortion Spirit Gained:5 Current Spirit:459
16:34:09Moving to next step. 4 Current Spirit:459
16:34:09Sleeping 10 for animation delay and sending ACK, setting to 'Chain Ready'
16:34:19Received 0x05C. Current Status: Chain Ready   Showing all non 0 byte packets:
16:34:19Byte 1: 92
16:34:19Byte 2: 18
16:34:19Byte 3: 45
16:34:19Byte 4: 5
16:34:19Byte 5: 7
16:34:19Byte 9: 88
16:34:19Byte 10: 103
16:34:19Byte 21: 99
16:34:20Finished synth. Setting Status back to Initial
16:34:20Received 0x05C. Current Status: Initial   Showing all non 0 byte packets:
16:34:20Byte 1: 92
16:34:20Byte 2: 18
16:34:20Byte 3: 48
16:34:20Byte 4: 5
16:34:20Byte 5: 217
16:34:20Byte 6: 243
16:34:20Byte 7: 169
16:34:20Byte 8: 162
16:34:20Byte 9: 164
16:34:20Byte 11: 72
16:34:20Byte 12: 42
16:34:20Byte 13: 64
16:34:20Byte 14: 90
16:34:20Byte 15: 99
16:34:20Byte 16: 7
16:34:20Byte 17: 45
16:34:20Byte 19: 5
16:34:20Byte 20: 7
16:34:20Byte 21: 1
16:34:20Byte 22: 9
16:34:20Byte 23: 24
16:34:20Byte 24: 9
16:34:20Byte 25: 28
16:34:20Byte 26: 13
16:34:20Byte 27: 4
16:34:20Byte 28: 9
16:34:20Byte 29: 8
16:34:20Looking up Chain..Gravitation
16:34:20Gravitation: Found Crystal: Dark Crystal
16:34:22Sending Synthchain: 51201.  Setting info.status to Spirit Update
16:34:23Received 0x05C. Current Status: Spirit Update   Showing all non 0 byte packets:
16:34:23Byte 1: 92
16:34:23Byte 2: 18
16:34:23Byte 3: 54
16:34:23Byte 4: 5
16:34:23Byte 5: 1
16:34:23Byte 9: 14
16:34:23Byte 17: 7
16:34:23Byte 21: 194
16:34:23Byte 22: 1
16:34:23Byte 25: 15
16:34:23Byte 33: 218
16:34:23Byte 34: 1
16:34:23Synth Success! Chain Performed:Darkness Spirit Gained:15 Current Spirit:474
16:34:23Moving to next step. 5 Current Spirit:474
16:34:23Sleeping 10 for animation delay and sending ACK, setting to 'Chain Ready'
16:34:33Received 0x05C. Current Status: Chain Ready   Showing all non 0 byte packets:
16:34:33Byte 1: 92
16:34:33Byte 2: 18
16:34:33Byte 3: 79
16:34:33Byte 4: 5
16:34:33Byte 5: 7
16:34:33Byte 9: 88
16:34:33Byte 10: 103
16:34:33Byte 21: 99
16:34:34Finished synth. Setting Status back to Initial
16:34:34Received 0x05C. Current Status: Initial   Showing all non 0 byte packets:
16:34:34Byte 1: 92
16:34:34Byte 2: 18
16:34:34Byte 3: 82
16:34:34Byte 4: 5
16:34:34Byte 5: 217
16:34:34Byte 6: 243
16:34:34Byte 7: 169
16:34:34Byte 8: 162
16:34:34Byte 9: 164
16:34:34Byte 11: 72
16:34:34Byte 12: 41
16:34:34Byte 13: 64
16:34:34Byte 14: 89
16:34:34Byte 15: 99
16:34:34Byte 16: 7
16:34:34Byte 17: 45
16:34:34Byte 19: 5
16:34:34Byte 20: 7
16:34:34Byte 21: 1
16:34:34Byte 22: 9
16:34:34Byte 23: 24
16:34:34Byte 24: 9
16:34:34Byte 25: 28
16:34:34Byte 26: 13
16:34:34Byte 27: 3
16:34:34Byte 28: 9
16:34:34Byte 29: 8
16:34:34Looking up Chain..Darkness
16:34:34Darkness: Found Crystal: Dark Crystal
16:34:36Sending Synthchain: 59393.  Setting info.status to Spirit Update
16:34:37Received 0x05C. Current Status: Spirit Update   Showing all non 0 byte packets:
16:34:37Byte 1: 92
16:34:37Byte 2: 18
16:34:37Byte 3: 88
16:34:37Byte 4: 5
16:34:37Byte 5: 1
16:34:37Byte 9: 14
16:34:37Byte 17: 7
16:34:37Byte 21: 194
16:34:37Byte 22: 1
16:34:37Byte 25: 15
16:34:37Byte 29: 2
16:34:37Byte 33: 233
16:34:37Byte 34: 1
16:34:37Synth Success! Chain Performed:Darkness Spirit Gained:15 Current Spirit:489
16:34:37Hit end of chain - resetting. Current Spirit:489
16:34:37Sleeping 10 for animation delay and sending ACK, setting to 'Chain Ready'
16:34:47Received 0x05C. Current Status: Chain Ready   Showing all non 0 byte packets:
16:34:47Byte 1: 92
16:34:47Byte 2: 18
16:34:47Byte 3: 113
16:34:47Byte 4: 5
16:34:47Byte 5: 7
16:34:47Byte 9: 88
16:34:47Byte 10: 103
16:34:47Byte 21: 99
16:34:48Finished synth. Setting Status back to Initial
16:34:48Received 0x05C. Current Status: Initial   Showing all non 0 byte packets:
16:34:48Byte 1: 92
16:34:48Byte 2: 18
16:34:48Byte 3: 116
16:34:48Byte 4: 5
16:34:48Byte 5: 217
16:34:48Byte 6: 243
16:34:48Byte 7: 169
16:34:48Byte 8: 162
16:34:48Byte 9: 164
16:34:48Byte 11: 72
16:34:48Byte 12: 40
16:34:48Byte 13: 64
16:34:48Byte 14: 89
16:34:48Byte 15: 98
16:34:48Byte 16: 7
16:34:48Byte 17: 45
16:34:48Byte 19: 5
16:34:48Byte 20: 7
16:34:48Byte 21: 1
16:34:48Byte 22: 9
16:34:48Byte 23: 24
16:34:48Byte 24: 9
16:34:48Byte 25: 28
16:34:48Byte 26: 13
16:34:48Byte 27: 3
16:34:48Byte 28: 9
16:34:48Byte 29: 7
16:34:48Looking up Chain..Induration
16:34:48Induration: Found Crystal: Ice Crystal
16:34:50Sending Synthchain: 8705.  Setting info.status to Spirit Update
16:34:51Received 0x05C. Current Status: Spirit Update   Showing all non 0 byte packets:
16:34:51Byte 1: 92
16:34:51Byte 2: 18
16:34:51Byte 3: 122
16:34:51Byte 4: 5
16:34:51Byte 5: 1
16:34:51Byte 17: 1
16:34:51Byte 21: 194
16:34:51Byte 22: 1
16:34:51Byte 25: 1
16:34:51Byte 29: 2
16:34:51Byte 33: 234
16:34:51Byte 34: 1
16:34:51Synth Success! Chain Performed:None Spirit Gained:1 Current Spirit:490
16:34:51Moving to next step. 2 Current Spirit:490
16:34:51Sleeping 10 for animation delay and sending ACK, setting to 'Chain Ready'
16:35:01Received 0x05C. Current Status: Chain Ready   Showing all non 0 byte packets:
16:35:01Byte 1: 92
16:35:01Byte 2: 18
16:35:01Byte 3: 148
16:35:01Byte 4: 5
16:35:01Byte 5: 7
16:35:01Byte 9: 88
16:35:01Byte 10: 103
16:35:01Byte 21: 99
16:35:02Finished synth. Setting Status back to Initial
16:35:02Received 0x05C. Current Status: Initial   Showing all non 0 byte packets:
16:35:02Byte 1: 92
16:35:02Byte 2: 18
16:35:02Byte 3: 151
16:35:02Byte 4: 5
16:35:02Byte 5: 217
16:35:02Byte 6: 242
16:35:02Byte 7: 169
16:35:02Byte 8: 162
16:35:02Byte 9: 164
16:35:02Byte 11: 72
16:35:02Byte 12: 40
16:35:02Byte 13: 63
16:35:02Byte 14: 89
16:35:02Byte 15: 98
16:35:02Byte 16: 7
16:35:02Byte 17: 44
16:35:02Byte 19: 5
16:35:02Byte 20: 7
16:35:02Byte 21: 1
16:35:02Byte 22: 9
16:35:02Byte 23: 24
16:35:02Byte 24: 9
16:35:02Byte 25: 28
16:35:02Byte 26: 13
16:35:02Byte 27: 3
16:35:02Byte 28: 9
16:35:02Byte 29: 7
16:35:02Looking up Chain..Reverberation
16:35:02Reverberation: Out of Crystals!
16:35:04Sending Exit Menu Packet.  Status: End
16:38:06Start Command Issued.
16:38:07Received 0x34 back from Open Menu, Setting to Initial.
16:38:07Opening Initial Menu.
16:38:07Received 0x05C. Current Status: Initial   Showing all non 0 byte packets:
16:38:07Byte 1: 92
16:38:07Byte 2: 18
16:38:07Byte 3: 85
16:38:07Byte 4: 7
16:38:07Byte 5: 217
16:38:07Byte 6: 242
16:38:07Byte 7: 169
16:38:07Byte 8: 162
16:38:07Byte 9: 164
16:38:07Byte 11: 72
16:38:07Byte 12: 40
16:38:07Byte 13: 63
16:38:07Byte 14: 89
16:38:07Byte 15: 98
16:38:07Byte 16: 7
16:38:07Byte 17: 44
16:38:07Byte 19: 5
16:38:07Byte 20: 7
16:38:07Byte 21: 1
16:38:07Byte 22: 9
16:38:07Byte 23: 24
16:38:07Byte 24: 9
16:38:07Byte 25: 28
16:38:07Byte 26: 13
16:38:07Byte 27: 3
16:38:07Byte 28: 9
16:38:07Byte 29: 7
16:38:07Looking up Chain..Transfixion
16:38:07Transfixion: Found Crystal: Light Crystal
16:38:09Sending Synthchain: 30465.  Setting info.status to Spirit Update
16:38:10Received 0x05C. Current Status: Spirit Update   Showing all non 0 byte packets:
16:38:10Byte 1: 92
16:38:10Byte 2: 18
16:38:10Byte 3: 91
16:38:10Byte 4: 7
16:38:10Byte 5: 1
16:38:10Byte 17: 6
16:38:10Byte 21: 194
16:38:10Byte 22: 1
16:38:10Byte 25: 1
16:38:10Byte 29: 1
16:38:10Byte 33: 235
16:38:10Byte 34: 1
16:38:10Synth Success! Chain Performed:None Spirit Gained:1 Current Spirit:491
16:38:10Moving to next step. 2 Current Spirit:491
16:38:10Sleeping 10 for animation delay and sending ACK, setting to 'Chain Ready'
16:38:20Received 0x05C. Current Status: Chain Ready   Showing all non 0 byte packets:
16:38:20Byte 1: 92
16:38:20Byte 2: 18
16:38:20Byte 3: 116
16:38:20Byte 4: 7
16:38:20Byte 5: 7
16:38:20Byte 9: 88
16:38:20Byte 10: 103
16:38:20Byte 21: 99
16:38:21Finished synth. Setting Status back to Initial
16:38:21Received 0x05C. Current Status: Initial   Showing all non 0 byte packets:
16:38:21Byte 1: 92
16:38:21Byte 2: 18
16:38:21Byte 3: 119
16:38:21Byte 4: 7
16:38:21Byte 5: 217
16:38:21Byte 6: 242
16:38:21Byte 7: 169
16:38:21Byte 8: 162
16:38:21Byte 9: 164
16:38:21Byte 11: 71
16:38:21Byte 12: 40
16:38:21Byte 13: 62
16:38:21Byte 14: 89
16:38:21Byte 15: 98
16:38:21Byte 16: 7
16:38:21Byte 17: 44
16:38:21Byte 19: 5
16:38:21Byte 20: 7
16:38:21Byte 21: 1
16:38:21Byte 22: 8
16:38:21Byte 23: 24
16:38:21Byte 24: 9
16:38:21Byte 25: 28
16:38:21Byte 26: 13
16:38:21Byte 27: 3
16:38:21Byte 28: 9
16:38:21Byte 29: 7
16:38:21Looking up Chain..Scission
16:38:21Scission: Found Crystal: Earth Crystal
16:38:23Sending Synthchain: 17409.  Setting info.status to Spirit Update
16:38:24Received 0x05C. Current Status: Spirit Update   Showing all non 0 byte packets:
16:38:24Byte 1: 92
16:38:24Byte 2: 18
16:38:24Byte 3: 125
16:38:24Byte 4: 7
16:38:24Byte 5: 1
16:38:24Byte 9: 10
16:38:24Byte 17: 3
16:38:24Byte 21: 194
16:38:24Byte 22: 1
16:38:24Byte 25: 5
16:38:24Byte 33: 240
16:38:24Byte 34: 1
16:38:24Synth Success! Chain Performed:Distortion Spirit Gained:5 Current Spirit:496
16:38:24Moving to next step. 3 Current Spirit:496
16:38:24Sleeping 10 for animation delay and sending ACK, setting to 'Chain Ready'
16:38:34Received 0x05C. Current Status: Chain Ready   Showing all non 0 byte packets:
16:38:34Byte 1: 92
16:38:34Byte 2: 18
16:38:34Byte 3: 150
16:38:34Byte 4: 7
16:38:34Byte 5: 7
16:38:34Byte 9: 88
16:38:34Byte 10: 103
16:38:34Byte 21: 99
16:38:35Finished synth. Setting Status back to Initial
16:38:35Received 0x05C. Current Status: Initial   Showing all non 0 byte packets:
16:38:35Byte 1: 92
16:38:35Byte 2: 18
16:38:35Byte 3: 153
16:38:35Byte 4: 7
16:38:35Byte 5: 217
16:38:35Byte 6: 242
16:38:35Byte 7: 169
16:38:35Byte 8: 161
16:38:35Byte 9: 164
16:38:35Byte 11: 71
16:38:35Byte 12: 40
16:38:35Byte 13: 61
16:38:35Byte 14: 89
16:38:35Byte 15: 98
16:38:35Byte 16: 7
16:38:35Byte 17: 44
16:38:35Byte 19: 4
16:38:35Byte 20: 7
16:38:35Byte 21: 1
16:38:35Byte 22: 8
16:38:35Byte 23: 24
16:38:35Byte 24: 9
16:38:35Byte 25: 28
16:38:35Byte 26: 13
16:38:35Byte 27: 3
16:38:35Byte 28: 9
16:38:35Byte 29: 7
16:38:35Looking up Chain..Gravitation
16:38:35Gravitation: Found Crystal: Dark Crystal
16:38:37Sending Synthchain: 51201.  Setting info.status to Spirit Update
16:38:38Received 0x05C. Current Status: Spirit Update   Showing all non 0 byte packets:
16:38:38Byte 1: 92
16:38:38Byte 2: 18
16:38:38Byte 3: 159
16:38:38Byte 4: 7
16:38:38Byte 5: 1
16:38:38Byte 9: 14
16:38:38Byte 17: 7
16:38:38Byte 21: 194
16:38:38Byte 22: 1
16:38:38Byte 25: 15
16:38:38Byte 33: 255
16:38:38Byte 34: 1
16:38:38Synth Success! Chain Performed:Darkness Spirit Gained:15 Current Spirit:511
16:38:38Moving to next step. 4 Current Spirit:511
16:38:38Sleeping 10 for animation delay and sending ACK, setting to 'Chain Ready'
16:38:48Received 0x05C. Current Status: Chain Ready   Showing all non 0 byte packets:
16:38:48Byte 1: 92
16:38:48Byte 2: 18
16:38:48Byte 3: 184
16:38:48Byte 4: 7
16:38:48Byte 5: 7
16:38:48Byte 9: 88
16:38:48Byte 10: 103
16:38:48Byte 21: 99
16:38:49Finished synth. Setting Status back to Initial
16:38:49Received 0x05C. Current Status: Initial   Showing all non 0 byte packets:
16:38:49Byte 1: 92
16:38:49Byte 2: 18
16:38:49Byte 3: 187
16:38:49Byte 4: 7
16:38:49Byte 5: 217
16:38:49Byte 6: 242
16:38:49Byte 7: 169
16:38:49Byte 8: 161
16:38:49Byte 9: 164
16:38:49Byte 11: 71
16:38:49Byte 12: 39
16:38:49Byte 13: 61
16:38:49Byte 14: 88
16:38:49Byte 15: 98
16:38:49Byte 16: 7
16:38:49Byte 17: 44
16:38:49Byte 19: 4
16:38:49Byte 20: 7
16:38:49Byte 21: 1
16:38:49Byte 22: 8
16:38:49Byte 23: 24
16:38:49Byte 24: 9
16:38:49Byte 25: 28
16:38:49Byte 26: 13
16:38:49Byte 27: 2
16:38:49Byte 28: 9
16:38:49Byte 29: 7
16:38:49Looking up Chain..Darkness
16:38:49Darkness: Found Crystal: Dark Crystal
16:38:51Sending Synthchain: 59393.  Setting info.status to Spirit Update
16:38:52Received 0x05C. Current Status: Spirit Update   Showing all non 0 byte packets:
16:38:52Byte 1: 92
16:38:52Byte 2: 18
16:38:52Byte 3: 193
16:38:52Byte 4: 7
16:38:52Byte 5: 1
16:38:52Byte 9: 14
16:38:52Byte 17: 7
16:38:52Byte 21: 194
16:38:52Byte 22: 1
16:38:52Byte 25: 15
16:38:52Byte 29: 2
16:38:52Byte 33: 14
16:38:52Byte 34: 2
16:38:52Synth Success! Chain Performed:Darkness Spirit Gained:15 Current Spirit:526
16:38:52Moving to next step. 5 Current Spirit:526
16:38:52Sleeping 10 for animation delay and sending ACK, setting to 'Chain Ready'
16:39:02Received 0x05C. Current Status: Chain Ready   Showing all non 0 byte packets:
16:39:02Byte 1: 92
16:39:02Byte 2: 18
16:39:02Byte 3: 218
16:39:02Byte 4: 7
16:39:02Byte 5: 7
16:39:02Byte 9: 88
16:39:02Byte 10: 103
16:39:02Byte 21: 99
16:39:03Finished synth. Setting Status back to Initial
16:39:03Received 0x05C. Current Status: Initial   Showing all non 0 byte packets:
16:39:03Byte 1: 92
16:39:03Byte 2: 18
16:39:03Byte 3: 221
16:39:03Byte 4: 7
16:39:03Byte 5: 217
16:39:03Byte 6: 242
16:39:03Byte 7: 169
16:39:03Byte 8: 161
16:39:03Byte 9: 164
16:39:03Byte 11: 71
16:39:03Byte 12: 38
16:39:03Byte 13: 61
16:39:03Byte 14: 88
16:39:03Byte 15: 97
16:39:03Byte 16: 7
16:39:03Byte 17: 44
16:39:03Byte 19: 4
16:39:03Byte 20: 7
16:39:03Byte 21: 1
16:39:03Byte 22: 8
16:39:03Byte 23: 24
16:39:03Byte 24: 9
16:39:03Byte 25: 28
16:39:03Byte 26: 13
16:39:03Byte 27: 2
16:39:03Byte 28: 9
16:39:03Byte 29: 6
16:39:03Looking up Chain..Darkness
16:39:03Darkness: Found Crystal: Dark Crystal
16:39:05Sending Synthchain: 59393.  Setting info.status to Spirit Update
16:39:06Received 0x05C. Current Status: Spirit Update   Showing all non 0 byte packets:
16:39:06Byte 1: 92
16:39:06Byte 2: 18
16:39:06Byte 3: 227
16:39:06Byte 4: 7
16:39:06Byte 5: 1
16:39:06Byte 17: 7
16:39:06Byte 21: 194
16:39:06Byte 22: 1
16:39:06Byte 25: 1
16:39:06Byte 29: 4
16:39:06Byte 33: 15
16:39:06Byte 34: 2
16:39:06Synth Success! Chain Performed:None Spirit Gained:1 Current Spirit:527
16:39:06Hit end of chain - resetting. Current Spirit:527
16:39:06Sleeping 10 for animation delay and sending ACK, setting to 'Chain Ready'
16:39:16Received 0x05C. Current Status: Chain Ready   Showing all non 0 byte packets:
16:39:16Byte 1: 92
16:39:16Byte 2: 18
16:39:16Byte 3: 252
16:39:16Byte 4: 7
16:39:16Byte 5: 7
16:39:16Byte 9: 88
16:39:16Byte 10: 103
16:39:16Byte 21: 99
16:39:17Finished synth. Setting Status back to Initial
16:39:17Received 0x05C. Current Status: Initial   Showing all non 0 byte packets:
16:39:17Byte 1: 92
16:39:17Byte 2: 18
16:39:17Byte 3: 255
16:39:17Byte 4: 7
16:39:17Byte 5: 217
16:39:17Byte 6: 242
16:39:17Byte 7: 169
16:39:17Byte 8: 161
16:39:17Byte 9: 164
16:39:17Byte 11: 71
16:39:17Byte 12: 37
16:39:17Byte 13: 61
16:39:17Byte 14: 88
16:39:17Byte 15: 96
16:39:17Byte 16: 7
16:39:17Byte 17: 44
16:39:17Byte 19: 4
16:39:17Byte 20: 7
16:39:17Byte 21: 1
16:39:17Byte 22: 8
16:39:17Byte 23: 24
16:39:17Byte 24: 9
16:39:17Byte 25: 28
16:39:17Byte 26: 13
16:39:17Byte 27: 2
16:39:17Byte 28: 9
16:39:17Byte 29: 5
16:39:17Looking up Chain..Transfixion
16:39:17Transfixion: Found Crystal: Light Crystal
16:39:17Stop Issued. Exiting Menu.
16:39:19Sending Synthchain: 30465.  Setting info.status to Spirit Update
16:39:33Start Command Issued.
16:39:34Received 0x34 back from Open Menu, Setting to Initial.
16:39:34Opening Initial Menu.
16:39:35Received 0x05C. Current Status: Initial   Showing all non 0 byte packets:
16:39:35Byte 1: 92
16:39:35Byte 2: 18
16:39:35Byte 3: 42
16:39:35Byte 4: 8
16:39:35Byte 5: 217
16:39:35Byte 6: 242
16:39:35Byte 7: 169
16:39:35Byte 8: 161
16:39:35Byte 9: 164
16:39:35Byte 11: 70
16:39:35Byte 12: 37
16:39:35Byte 13: 60
16:39:35Byte 14: 88
16:39:35Byte 15: 96
16:39:35Byte 16: 7
16:39:35Byte 17: 44
16:39:35Byte 19: 4
16:39:35Byte 20: 7
16:39:35Byte 21: 1
16:39:35Byte 22: 7
16:39:35Byte 23: 24
16:39:35Byte 24: 9
16:39:35Byte 25: 28
16:39:35Byte 26: 13
16:39:35Byte 27: 2
16:39:35Byte 28: 9
16:39:35Byte 29: 5
16:39:35Looking up Chain..Transfixion
16:39:35Transfixion: Found Crystal: Light Crystal
16:39:37Sending Synthchain: 30465.  Setting info.status to Spirit Update
16:39:37Received 0x05C. Current Status: Spirit Update   Showing all non 0 byte packets:
16:39:37Byte 1: 92
16:39:37Byte 2: 18
16:39:37Byte 3: 48
16:39:37Byte 4: 8
16:39:37Byte 5: 1
16:39:37Byte 17: 6
16:39:37Byte 21: 194
16:39:37Byte 22: 1
16:39:37Byte 25: 1
16:39:37Byte 29: 5
16:39:37Byte 33: 16
16:39:37Byte 34: 2
16:39:37Synth Success! Chain Performed:None Spirit Gained:1 Current Spirit:528
16:39:37Moving to next step. 2 Current Spirit:528
16:39:37Sleeping 10 for animation delay and sending ACK, setting to 'Chain Ready'
16:39:47Received 0x05C. Current Status: Chain Ready   Showing all non 0 byte packets:
16:39:47Byte 1: 92
16:39:47Byte 2: 18
16:39:47Byte 3: 73
16:39:47Byte 4: 8
16:39:47Byte 5: 7
16:39:47Byte 9: 88
16:39:47Byte 10: 103
16:39:47Byte 21: 99
16:39:48Finished synth. Setting Status back to Initial
16:39:49Received 0x05C. Current Status: Initial   Showing all non 0 byte packets:
16:39:49Byte 1: 92
16:39:49Byte 2: 18
16:39:49Byte 3: 76
16:39:49Byte 4: 8
16:39:49Byte 5: 217
16:39:49Byte 6: 242
16:39:49Byte 7: 169
16:39:49Byte 8: 161
16:39:49Byte 9: 164
16:39:49Byte 11: 69
16:39:49Byte 12: 37
16:39:49Byte 13: 59
16:39:49Byte 14: 88
16:39:49Byte 15: 96
16:39:49Byte 16: 7
16:39:49Byte 17: 44
16:39:49Byte 19: 4
16:39:49Byte 20: 7
16:39:49Byte 21: 1
16:39:49Byte 22: 6
16:39:49Byte 23: 24
16:39:49Byte 24: 9
16:39:49Byte 25: 28
16:39:49Byte 26: 13
16:39:49Byte 27: 2
16:39:49Byte 28: 9
16:39:49Byte 29: 5
16:39:49Looking up Chain..Scission
16:39:49Scission: Found Crystal: Earth Crystal
16:39:51Sending Synthchain: 17409.  Setting info.status to Spirit Update
16:39:51Received 0x05C. Current Status: Spirit Update   Showing all non 0 byte packets:
16:39:51Byte 1: 92
16:39:51Byte 2: 18
16:39:51Byte 3: 82
16:39:51Byte 4: 8
16:39:51Byte 5: 1
16:39:51Byte 9: 10
16:39:51Byte 17: 3
16:39:51Byte 21: 194
16:39:51Byte 22: 1
16:39:51Byte 25: 5
16:39:51Byte 29: 3
16:39:51Byte 33: 21
16:39:51Byte 34: 2
16:39:51Synth Success! Chain Performed:Distortion Spirit Gained:5 Current Spirit:533
16:39:51Moving to next step. 3 Current Spirit:533
16:39:51Sleeping 10 for animation delay and sending ACK, setting to 'Chain Ready'
16:40:02Received 0x05C. Current Status: Chain Ready   Showing all non 0 byte packets:
16:40:02Byte 1: 92
16:40:02Byte 2: 18
16:40:02Byte 3: 108
16:40:02Byte 4: 8
16:40:02Byte 5: 7
16:40:02Byte 9: 88
16:40:02Byte 10: 103
16:40:02Byte 21: 99
16:40:03Finished synth. Setting Status back to Initial
16:40:03Received 0x05C. Current Status: Initial   Showing all non 0 byte packets:
16:40:03Byte 1: 92
16:40:03Byte 2: 18
16:40:03Byte 3: 112
16:40:03Byte 4: 8
16:40:03Byte 5: 217
16:40:03Byte 6: 242
16:40:03Byte 7: 169
16:40:03Byte 8: 160
16:40:03Byte 9: 164
16:40:03Byte 11: 69
16:40:03Byte 12: 37
16:40:03Byte 13: 58
16:40:03Byte 14: 88
16:40:03Byte 15: 96
16:40:03Byte 16: 7
16:40:03Byte 17: 44
16:40:03Byte 19: 3
16:40:03Byte 20: 7
16:40:03Byte 21: 1
16:40:03Byte 22: 6
16:40:03Byte 23: 24
16:40:03Byte 24: 9
16:40:03Byte 25: 28
16:40:03Byte 26: 13
16:40:03Byte 27: 2
16:40:03Byte 28: 9
16:40:03Byte 29: 5
16:40:03Looking up Chain..Gravitation
16:40:03Gravitation: Found Crystal: Dark Crystal
16:40:05Sending Synthchain: 51201.  Setting info.status to Spirit Update
16:40:06Received 0x05C. Current Status: Spirit Update   Showing all non 0 byte packets:
16:40:06Byte 1: 92
16:40:06Byte 2: 18
16:40:06Byte 3: 118
16:40:06Byte 4: 8
16:40:06Byte 5: 1
16:40:06Byte 9: 14
16:40:06Byte 17: 7
16:40:06Byte 21: 194
16:40:06Byte 22: 1
16:40:06Byte 25: 15
16:40:06Byte 33: 36
16:40:06Byte 34: 2
16:40:06Synth Success! Chain Performed:Darkness Spirit Gained:15 Current Spirit:548
16:40:06Moving to next step. 4 Current Spirit:548
16:40:06Sleeping 10 for animation delay and sending ACK, setting to 'Chain Ready'
16:40:16Received 0x05C. Current Status: Chain Ready   Showing all non 0 byte packets:
16:40:16Byte 1: 92
16:40:16Byte 2: 18
16:40:16Byte 3: 143
16:40:16Byte 4: 8
16:40:16Byte 5: 7
16:40:16Byte 9: 88
16:40:16Byte 10: 103
16:40:16Byte 21: 99
16:40:17Finished synth. Setting Status back to Initial
16:40:17Received 0x05C. Current Status: Initial   Showing all non 0 byte packets:
16:40:17Byte 1: 92
16:40:17Byte 2: 18
16:40:17Byte 3: 146
16:40:17Byte 4: 8
16:40:17Byte 5: 217
16:40:17Byte 6: 242
16:40:17Byte 7: 169
16:40:17Byte 8: 160
16:40:17Byte 9: 164
16:40:17Byte 11: 69
16:40:17Byte 12: 36
16:40:17Byte 13: 58
16:40:17Byte 14: 87
16:40:17Byte 15: 96
16:40:17Byte 16: 7
16:40:17Byte 17: 44
16:40:17Byte 19: 3
16:40:17Byte 20: 7
16:40:17Byte 21: 1
16:40:17Byte 22: 6
16:40:17Byte 23: 24
16:40:17Byte 24: 9
16:40:17Byte 25: 28
16:40:17Byte 26: 13
16:40:17Byte 27: 1
16:40:17Byte 28: 9
16:40:17Byte 29: 5
16:40:17Looking up Chain..Darkness
16:40:17Darkness: Found Crystal: Dark Crystal
16:40:19Sending Synthchain: 59393.  Setting info.status to Spirit Update
16:40:20Received 0x05C. Current Status: Spirit Update   Showing all non 0 byte packets:
16:40:20Byte 1: 92
16:40:20Byte 2: 18
16:40:20Byte 3: 152
16:40:20Byte 4: 8
16:40:20Byte 5: 1
16:40:20Byte 9: 14
16:40:20Byte 17: 7
16:40:20Byte 21: 194
16:40:20Byte 22: 1
16:40:20Byte 25: 15
16:40:20Byte 29: 2
16:40:20Byte 33: 51
16:40:20Byte 34: 2
16:40:20Synth Success! Chain Performed:Darkness Spirit Gained:15 Current Spirit:563
16:40:20Hit end of chain - resetting. Current Spirit:563
16:40:20Sleeping 10 for animation delay and sending ACK, setting to 'Chain Ready'
16:40:29Stop Issued. Exiting Menu.
16:42:29Start Command Issued.
16:42:30Received 0x34 back from Open Menu, Setting to Initial.
16:42:30Opening Initial Menu.
16:42:30Received 0x05C. Current Status: Initial   Showing all non 0 byte packets:
16:42:30Byte 1: 92
16:42:30Byte 2: 18
16:42:30Byte 3: 211
16:42:30Byte 4: 9
16:42:30Byte 5: 217
16:42:30Byte 6: 242
16:42:30Byte 7: 169
16:42:30Byte 8: 160
16:42:30Byte 9: 164
16:42:30Byte 11: 69
16:42:30Byte 12: 35
16:42:30Byte 13: 58
16:42:30Byte 14: 87
16:42:30Byte 15: 95
16:42:30Byte 16: 7
16:42:30Byte 17: 44
16:42:30Byte 19: 3
16:42:30Byte 20: 7
16:42:30Byte 21: 1
16:42:30Byte 22: 6
16:42:30Byte 23: 24
16:42:30Byte 24: 9
16:42:30Byte 25: 28
16:42:30Byte 26: 13
16:42:30Byte 27: 1
16:42:30Byte 28: 9
16:42:30Byte 29: 4
16:42:30Looking up Chain..Liquefaction
16:42:30Liquefaction: Found Crystal: Fire Crystal
16:42:32Sending Synthchain: 4353.  Setting info.status to Spirit Update
16:42:32Received 0x05C. Current Status: Spirit Update   Showing all non 0 byte packets:
16:42:32Byte 1: 92
16:42:32Byte 2: 18
16:42:32Byte 3: 217
16:42:32Byte 4: 9
16:42:32Byte 5: 1
16:42:32Byte 21: 194
16:42:32Byte 22: 1
16:42:32Byte 25: 1
16:42:32Byte 29: 1
16:42:32Byte 33: 52
16:42:32Byte 34: 2
16:42:32Synth Success! Chain Performed:None Spirit Gained:1 Current Spirit:564
16:42:32Moving to next step. 2 Current Spirit:564
16:42:32Sleeping 10 for animation delay and sending ACK, setting to 'Chain Ready'
16:42:43Received 0x05C. Current Status: Chain Ready   Showing all non 0 byte packets:
16:42:43Byte 1: 92
16:42:43Byte 2: 18
16:42:43Byte 3: 242
16:42:43Byte 4: 9
16:42:43Byte 5: 7
16:42:43Byte 9: 88
16:42:43Byte 10: 103
16:42:43Byte 21: 99
16:42:44Finished synth. Setting Status back to Initial
16:42:44Received 0x05C. Current Status: Initial   Showing all non 0 byte packets:
16:42:44Byte 1: 92
16:42:44Byte 2: 18
16:42:44Byte 3: 245
16:42:44Byte 4: 9
16:42:44Byte 5: 216
16:42:44Byte 6: 242
16:42:44Byte 7: 169
16:42:44Byte 8: 160
16:42:44Byte 9: 164
16:42:44Byte 11: 69
16:42:44Byte 12: 35
16:42:44Byte 13: 57
16:42:44Byte 14: 87
16:42:44Byte 15: 95
16:42:44Byte 16: 6
16:42:44Byte 17: 44
16:42:44Byte 19: 3
16:42:44Byte 20: 7
16:42:44Byte 21: 1
16:42:44Byte 22: 6
16:42:44Byte 23: 24
16:42:44Byte 24: 9
16:42:44Byte 25: 28
16:42:44Byte 26: 13
16:42:44Byte 27: 1
16:42:44Byte 28: 9
16:42:44Byte 29: 4
16:42:44Looking up Chain..Scission
16:42:44Scission: Found Crystal: Earth Crystal
16:42:46Sending Synthchain: 17409.  Setting info.status to Spirit Update
16:42:46Received 0x05C. Current Status: Spirit Update   Showing all non 0 byte packets:
16:42:46Byte 1: 92
16:42:46Byte 2: 18
16:42:46Byte 3: 251
16:42:46Byte 4: 9
16:42:46Byte 5: 1
16:42:46Byte 9: 4
16:42:46Byte 17: 3
16:42:46Byte 21: 194
16:42:46Byte 22: 1
16:42:46Byte 25: 2
16:42:46Byte 29: 1
16:42:46Byte 33: 54
16:42:46Byte 34: 2
16:42:46Synth Success! Chain Performed:Scission Spirit Gained:2 Current Spirit:566
16:42:46Moving to next step. 3 Current Spirit:566
16:42:46Sleeping 10 for animation delay and sending ACK, setting to 'Chain Ready'
16:42:57Received 0x05C. Current Status: Chain Ready   Showing all non 0 byte packets:
16:42:57Byte 1: 92
16:42:57Byte 2: 18
16:42:57Byte 3: 20
16:42:57Byte 4: 10
16:42:57Byte 5: 7
16:42:57Byte 9: 88
16:42:57Byte 10: 103
16:42:57Byte 21: 99
16:42:58Finished synth. Setting Status back to Initial
16:42:58Received 0x05C. Current Status: Initial   Showing all non 0 byte packets:
16:42:58Byte 1: 92
16:42:58Byte 2: 18
16:42:58Byte 3: 23
16:42:58Byte 4: 10
16:42:58Byte 5: 216
16:42:58Byte 6: 242
16:42:58Byte 7: 169
16:42:58Byte 8: 159
16:42:58Byte 9: 164
16:42:58Byte 11: 69
16:42:58Byte 12: 35
16:42:58Byte 13: 56
16:42:58Byte 14: 87
16:42:58Byte 15: 95
16:42:58Byte 16: 6
16:42:58Byte 17: 44
16:42:58Byte 19: 2
16:42:58Byte 20: 7
16:42:58Byte 21: 1
16:42:58Byte 22: 6
16:42:58Byte 23: 24
16:42:58Byte 24: 9
16:42:58Byte 25: 28
16:42:58Byte 26: 13
16:42:58Byte 27: 1
16:42:58Byte 28: 9
16:42:58Byte 29: 4
16:42:58Looking up Chain..Liquefaction
16:42:58Liquefaction: Found Crystal: Fire Crystal
16:43:00Sending Synthchain: 4353.  Setting info.status to Spirit Update
16:43:00Received 0x05C. Current Status: Spirit Update   Showing all non 0 byte packets:
16:43:00Byte 1: 92
16:43:00Byte 2: 18
16:43:00Byte 3: 29
16:43:00Byte 4: 10
16:43:00Byte 5: 1
16:43:00Byte 9: 1
16:43:00Byte 21: 194
16:43:00Byte 22: 1
16:43:00Byte 25: 2
16:43:00Byte 29: 2
16:43:00Byte 33: 56
16:43:00Byte 34: 2
16:43:00Synth Success! Chain Performed:Liquefaction Spirit Gained:2 Current Spirit:568
16:43:00Moving to next step. 4 Current Spirit:568
16:43:00Sleeping 10 for animation delay and sending ACK, setting to 'Chain Ready'
16:43:10Received 0x05C. Current Status: Chain Ready   Showing all non 0 byte packets:
16:43:10Byte 1: 92
16:43:10Byte 2: 18
16:43:10Byte 3: 54
16:43:10Byte 4: 10
16:43:10Byte 5: 7
16:43:10Byte 9: 88
16:43:10Byte 10: 103
16:43:10Byte 21: 99
16:43:11Finished synth. Setting Status back to Initial
16:43:12Received 0x05C. Current Status: Initial   Showing all non 0 byte packets:
16:43:12Byte 1: 92
16:43:12Byte 2: 18
16:43:12Byte 3: 58
16:43:12Byte 4: 10
16:43:12Byte 5: 215
16:43:12Byte 6: 242
16:43:12Byte 7: 169
16:43:12Byte 8: 159
16:43:12Byte 9: 164
16:43:12Byte 11: 69
16:43:12Byte 12: 35
16:43:12Byte 13: 55
16:43:12Byte 14: 87
16:43:12Byte 15: 95
16:43:12Byte 16: 5
16:43:12Byte 17: 44
16:43:12Byte 19: 2
16:43:12Byte 20: 7
16:43:12Byte 21: 1
16:43:12Byte 22: 6
16:43:12Byte 23: 24
16:43:12Byte 24: 9
16:43:12Byte 25: 28
16:43:12Byte 26: 13
16:43:12Byte 27: 1
16:43:12Byte 28: 9
16:43:12Byte 29: 4
16:43:12Looking up Chain..Impaction
16:43:12Impaction: Found Crystal: Lightning Crystal
16:43:14Sending Synthchain: 21761.  Setting info.status to Spirit Update
16:43:15Received 0x05C. Current Status: Spirit Update   Showing all non 0 byte packets:
16:43:15Byte 1: 92
16:43:15Byte 2: 18
16:43:15Byte 3: 64
16:43:15Byte 4: 10
16:43:15Byte 5: 1
16:43:15Byte 9: 9
16:43:15Byte 17: 4
16:43:15Byte 21: 194
16:43:15Byte 22: 1
16:43:15Byte 25: 5
16:43:15Byte 33: 61
16:43:15Byte 34: 2
16:43:15Synth Success! Chain Performed:Fusion Spirit Gained:5 Current Spirit:573
16:43:15Moving to next step. 5 Current Spirit:573
16:43:15Sleeping 10 for animation delay and sending ACK, setting to 'Chain Ready'
16:43:25Received 0x05C. Current Status: Chain Ready   Showing all non 0 byte packets:
16:43:25Byte 1: 92
16:43:25Byte 2: 18
16:43:25Byte 3: 90
16:43:25Byte 4: 10
16:43:25Byte 5: 7
16:43:25Byte 9: 88
16:43:25Byte 10: 103
16:43:25Byte 21: 99
16:43:26Finished synth. Setting Status back to Initial
16:43:26Received 0x05C. Current Status: Initial   Showing all non 0 byte packets:
16:43:26Byte 1: 92
16:43:26Byte 2: 18
16:43:26Byte 3: 93
16:43:26Byte 4: 10
16:43:26Byte 5: 215
16:43:26Byte 6: 242
16:43:26Byte 7: 169
16:43:26Byte 8: 159
16:43:26Byte 9: 163
16:43:26Byte 11: 69
16:43:26Byte 12: 35
16:43:26Byte 13: 54
16:43:26Byte 14: 87
16:43:26Byte 15: 95
16:43:26Byte 16: 5
16:43:26Byte 17: 44
16:43:26Byte 19: 2
16:43:26Byte 20: 6
16:43:26Byte 21: 1
16:43:26Byte 22: 6
16:43:26Byte 23: 24
16:43:26Byte 24: 9
16:43:26Byte 25: 28
16:43:26Byte 26: 13
16:43:26Byte 27: 1
16:43:26Byte 28: 9
16:43:26Byte 29: 4
16:43:26Looking up Chain..Fragmentation
16:43:26Fragmentation: Found Crystal: Wind Crystal
16:43:28Sending Synthchain: 45825.  Setting info.status to Spirit Update
16:43:29Received 0x05C. Current Status: Spirit Update   Showing all non 0 byte packets:
16:43:29Byte 1: 92
16:43:29Byte 2: 18
16:43:29Byte 3: 99
16:43:29Byte 4: 10
16:43:29Byte 5: 1
16:43:29Byte 9: 13
16:43:29Byte 17: 2
16:43:29Byte 21: 194
16:43:29Byte 22: 1
16:43:29Byte 25: 15
16:43:29Byte 33: 76
16:43:29Byte 34: 2
16:43:29Synth Success! Chain Performed:Light Spirit Gained:15 Current Spirit:588
16:43:29Moving to next step. 6 Current Spirit:588
16:43:29Sleeping 10 for animation delay and sending ACK, setting to 'Chain Ready'
16:43:39Received 0x05C. Current Status: Chain Ready   Showing all non 0 byte packets:
16:43:39Byte 1: 92
16:43:39Byte 2: 18
16:43:39Byte 3: 124
16:43:39Byte 4: 10
16:43:39Byte 5: 7
16:43:39Byte 9: 88
16:43:39Byte 10: 103
16:43:39Byte 21: 99
16:43:40Finished synth. Setting Status back to Initial
16:43:40Received 0x05C. Current Status: Initial   Showing all non 0 byte packets:
16:43:40Byte 1: 92
16:43:40Byte 2: 18
16:43:40Byte 3: 127
16:43:40Byte 4: 10
16:43:40Byte 5: 215
16:43:40Byte 6: 242
16:43:40Byte 7: 168
16:43:40Byte 8: 159
16:43:40Byte 9: 163
16:43:40Byte 11: 69
16:43:40Byte 12: 35
16:43:40Byte 13: 54
16:43:40Byte 14: 86
16:43:40Byte 15: 95
16:43:40Byte 16: 5
16:43:40Byte 17: 44
16:43:40Byte 19: 2
16:43:40Byte 20: 6
16:43:40Byte 21: 1
16:43:40Byte 22: 6
16:43:40Byte 23: 24
16:43:40Byte 24: 9
16:43:40Byte 25: 28
16:43:40Byte 26: 12
16:43:40Byte 27: 1
16:43:40Byte 28: 9
16:43:40Byte 29: 4
16:43:40Looking up Chain..Light
16:43:40Light: Found Crystal: Fire Crystal
16:43:42Sending Synthchain: 53505.  Setting info.status to Spirit Update
16:43:43Received 0x05C. Current Status: Spirit Update   Showing all non 0 byte packets:
16:43:43Byte 1: 92
16:43:43Byte 2: 18
16:43:43Byte 3: 133
16:43:43Byte 4: 10
16:43:43Byte 5: 1
16:43:43Byte 9: 13
16:43:43Byte 21: 194
16:43:43Byte 22: 1
16:43:43Byte 25: 15
16:43:43Byte 29: 1
16:43:43Byte 33: 91
16:43:43Byte 34: 2
16:43:43Synth Success! Chain Performed:Light Spirit Gained:15 Current Spirit:603
16:43:43Hit end of chain - resetting. Current Spirit:603
16:43:43Sleeping 10 for animation delay and sending ACK, setting to 'Chain Ready'
16:43:43Stop Issued. Exiting Menu.
16:44:38Start Command Issued.
16:44:38Received 0x34 back from Open Menu, Setting to Initial.
16:44:38Opening Initial Menu.
16:44:39Received 0x05C. Current Status: Initial   Showing all non 0 byte packets:
16:44:39Byte 1: 92
16:44:39Byte 2: 18
16:44:39Byte 3: 13
16:44:39Byte 4: 11
16:44:39Byte 5: 214
16:44:39Byte 6: 242
16:44:39Byte 7: 168
16:44:39Byte 8: 159
16:44:39Byte 9: 163
16:44:39Byte 11: 69
16:44:39Byte 12: 35
16:44:39Byte 13: 54
16:44:39Byte 14: 86
16:44:39Byte 15: 94
16:44:39Byte 16: 5
16:44:39Byte 17: 44
16:44:39Byte 19: 2
16:44:39Byte 20: 6
16:44:39Byte 21: 1
16:44:39Byte 22: 6
16:44:39Byte 23: 24
16:44:39Byte 24: 9
16:44:39Byte 25: 28
16:44:39Byte 26: 12
16:44:39Byte 27: 1
16:44:39Byte 28: 8
16:44:39Byte 29: 4
16:44:39Looking up Chain..Liquefaction
16:44:39Liquefaction: Found Crystal: Fire Crystal
16:44:41Sending Synthchain: 4353.  Setting info.status to Spirit Update
16:44:41Received 0x05C. Current Status: Spirit Update   Showing all non 0 byte packets:
16:44:41Byte 1: 92
16:44:41Byte 2: 18
16:44:41Byte 3: 19
16:44:41Byte 4: 11
16:44:41Byte 5: 1
16:44:41Byte 21: 134
16:44:41Byte 22: 1
16:44:41Byte 25: 1
16:44:41Byte 29: 2
16:44:41Byte 33: 92
16:44:41Byte 34: 2
16:44:41Synth Success! Chain Performed:None Spirit Gained:1 Current Spirit:604
16:44:41Moving to next step. 2 Current Spirit:604
16:44:41Sleeping 10 for animation delay and sending ACK, setting to 'Chain Ready'
16:44:52Received 0x05C. Current Status: Chain Ready   Showing all non 0 byte packets:
16:44:52Byte 1: 92
16:44:52Byte 2: 18
16:44:52Byte 3: 45
16:44:52Byte 4: 11
16:44:52Byte 5: 7
16:44:52Byte 9: 88
16:44:52Byte 10: 103
16:44:52Byte 21: 99
16:44:53Finished synth. Setting Status back to Initial
16:44:53Received 0x05C. Current Status: Initial   Showing all non 0 byte packets:
16:44:53Byte 1: 92
16:44:53Byte 2: 18
16:44:53Byte 3: 48
16:44:53Byte 4: 11
16:44:53Byte 5: 213
16:44:53Byte 6: 242
16:44:53Byte 7: 168
16:44:53Byte 8: 159
16:44:53Byte 9: 163
16:44:53Byte 11: 69
16:44:53Byte 12: 35
16:44:53Byte 13: 53
16:44:53Byte 14: 86
16:44:53Byte 15: 94
16:44:53Byte 16: 4
16:44:53Byte 17: 44
16:44:53Byte 19: 2
16:44:53Byte 20: 6
16:44:53Byte 21: 1
16:44:53Byte 22: 6
16:44:53Byte 23: 24
16:44:53Byte 24: 9
16:44:53Byte 25: 28
16:44:53Byte 26: 12
16:44:53Byte 27: 1
16:44:53Byte 28: 8
16:44:53Byte 29: 4
16:44:53Looking up Chain..Scission
16:44:53Scission: Found Crystal: Earth Crystal
16:44:55Sending Synthchain: 17409.  Setting info.status to Spirit Update
16:44:56Received 0x05C. Current Status: Spirit Update   Showing all non 0 byte packets:
16:44:56Byte 1: 92
16:44:56Byte 2: 18
16:44:56Byte 3: 54
16:44:56Byte 4: 11
16:44:56Byte 5: 1
16:44:56Byte 9: 4
16:44:56Byte 17: 3
16:44:56Byte 21: 134
16:44:56Byte 22: 1
16:44:56Byte 25: 2
16:44:56Byte 29: 2
16:44:56Byte 33: 94
16:44:56Byte 34: 2
16:44:56Synth Success! Chain Performed:Scission Spirit Gained:2 Current Spirit:606
16:44:56Moving to next step. 3 Current Spirit:606
16:44:56Sleeping 10 for animation delay and sending ACK, setting to 'Chain Ready'
16:45:06Received 0x05C. Current Status: Chain Ready   Showing all non 0 byte packets:
16:45:06Byte 1: 92
16:45:06Byte 2: 18
16:45:06Byte 3: 80
16:45:06Byte 4: 11
16:45:06Byte 5: 7
16:45:06Byte 9: 88
16:45:06Byte 10: 103
16:45:06Byte 21: 99
16:45:07Finished synth. Setting Status back to Initial
16:45:07Received 0x05C. Current Status: Initial   Showing all non 0 byte packets:
16:45:07Byte 1: 92
16:45:07Byte 2: 18
16:45:07Byte 3: 83
16:45:07Byte 4: 11
16:45:07Byte 5: 213
16:45:07Byte 6: 242
16:45:07Byte 7: 168
16:45:07Byte 8: 158
16:45:07Byte 9: 163
16:45:07Byte 11: 69
16:45:07Byte 12: 35
16:45:07Byte 13: 52
16:45:07Byte 14: 86
16:45:07Byte 15: 94
16:45:07Byte 16: 4
16:45:07Byte 17: 44
16:45:07Byte 19: 1
16:45:07Byte 20: 6
16:45:07Byte 21: 1
16:45:07Byte 22: 6
16:45:07Byte 23: 24
16:45:07Byte 24: 9
16:45:07Byte 25: 28
16:45:07Byte 26: 12
16:45:07Byte 27: 1
16:45:07Byte 28: 8
16:45:07Byte 29: 4
16:45:07Looking up Chain..Liquefaction
16:45:07Liquefaction: Found Crystal: Fire Crystal
16:45:09Sending Synthchain: 4353.  Setting info.status to Spirit Update
16:45:10Received 0x05C. Current Status: Spirit Update   Showing all non 0 byte packets:
16:45:10Byte 1: 92
16:45:10Byte 2: 18
16:45:10Byte 3: 89
16:45:10Byte 4: 11
16:45:10Byte 5: 1
16:45:10Byte 9: 1
16:45:10Byte 21: 134
16:45:10Byte 22: 1
16:45:10Byte 25: 2
16:45:10Byte 29: 3
16:45:10Byte 33: 96
16:45:10Byte 34: 2
16:45:10Synth Success! Chain Performed:Liquefaction Spirit Gained:2 Current Spirit:608
16:45:10Moving to next step. 4 Current Spirit:608
16:45:10Sleeping 10 for animation delay and sending ACK, setting to 'Chain Ready'
16:45:20Received 0x05C. Current Status: Chain Ready   Showing all non 0 byte packets:
16:45:20Byte 1: 92
16:45:20Byte 2: 18
16:45:20Byte 3: 115
16:45:20Byte 4: 11
16:45:20Byte 5: 7
16:45:20Byte 9: 88
16:45:20Byte 10: 103
16:45:20Byte 21: 99
16:45:21Finished synth. Setting Status back to Initial
16:45:22Received 0x05C. Current Status: Initial   Showing all non 0 byte packets:
16:45:22Byte 1: 92
16:45:22Byte 2: 18
16:45:22Byte 3: 118
16:45:22Byte 4: 11
16:45:22Byte 5: 212
16:45:22Byte 6: 242
16:45:22Byte 7: 168
16:45:22Byte 8: 158
16:45:22Byte 9: 163
16:45:22Byte 11: 69
16:45:22Byte 12: 35
16:45:22Byte 13: 51
16:45:22Byte 14: 86
16:45:22Byte 15: 94
16:45:22Byte 16: 3
16:45:22Byte 17: 44
16:45:22Byte 19: 1
16:45:22Byte 20: 6
16:45:22Byte 21: 1
16:45:22Byte 22: 6
16:45:22Byte 23: 24
16:45:22Byte 24: 9
16:45:22Byte 25: 28
16:45:22Byte 26: 12
16:45:22Byte 27: 1
16:45:22Byte 28: 8
16:45:22Byte 29: 4
16:45:22Looking up Chain..Impaction
16:45:22Impaction: Found Crystal: Lightning Crystal
16:45:24Sending Synthchain: 21761.  Setting info.status to Spirit Update
16:45:24Received 0x05C. Current Status: Spirit Update   Showing all non 0 byte packets:
16:45:24Byte 1: 92
16:45:24Byte 2: 18
16:45:24Byte 3: 124
16:45:24Byte 4: 11
16:45:24Byte 17: 4
16:45:24Byte 21: 134
16:45:24Byte 22: 1
16:45:24Byte 29: 5
16:45:24Byte 33: 96
16:45:24Byte 34: 2
16:45:24ERROR: Synth Fail. Resetting Chain. Current Spirit:608
16:45:24Sleeping 10 for animation delay and sending ACK, setting to 'Chain Ready'
16:45:34Received 0x05C. Current Status: Chain Ready   Showing all non 0 byte packets:
16:45:34Byte 1: 92
16:45:34Byte 2: 18
16:45:34Byte 3: 149
16:45:34Byte 4: 11
16:45:34Byte 5: 7
16:45:34Byte 9: 88
16:45:34Byte 10: 103
16:45:34Byte 21: 99
16:45:35Finished synth. Setting Status back to Initial
16:45:36Received 0x05C. Current Status: Initial   Showing all non 0 byte packets:
16:45:36Byte 1: 92
16:45:36Byte 2: 18
16:45:36Byte 3: 152
16:45:36Byte 4: 11
16:45:36Byte 5: 212
16:45:36Byte 6: 242
16:45:36Byte 7: 168
16:45:36Byte 8: 158
16:45:36Byte 9: 162
16:45:36Byte 11: 69
16:45:36Byte 12: 35
16:45:36Byte 13: 50
16:45:36Byte 14: 86
16:45:36Byte 15: 94
16:45:36Byte 16: 3
16:45:36Byte 17: 44
16:45:36Byte 19: 1
16:45:36Byte 20: 5
16:45:36Byte 21: 1
16:45:36Byte 22: 6
16:45:36Byte 23: 24
16:45:36Byte 24: 9
16:45:36Byte 25: 28
16:45:36Byte 26: 12
16:45:36Byte 27: 1
16:45:36Byte 28: 8
16:45:36Byte 29: 4
16:45:36Looking up Chain..Liquefaction
16:45:36Liquefaction: Found Crystal: Fire Crystal
16:45:38Sending Synthchain: 4353.  Setting info.status to Spirit Update
16:45:38Received 0x05C. Current Status: Spirit Update   Showing all non 0 byte packets:
16:45:38Byte 1: 92
16:45:38Byte 2: 18
16:45:38Byte 3: 158
16:45:38Byte 4: 11
16:45:38Byte 5: 1
16:45:38Byte 21: 134
16:45:38Byte 22: 1
16:45:38Byte 25: 1
16:45:38Byte 29: 5
16:45:38Byte 33: 97
16:45:38Byte 34: 2
16:45:38Synth Success! Chain Performed:None Spirit Gained:1 Current Spirit:609
16:45:38Moving to next step. 2 Current Spirit:609
16:45:38Sleeping 10 for animation delay and sending ACK, setting to 'Chain Ready'
16:45:48Received 0x05C. Current Status: Chain Ready   Showing all non 0 byte packets:
16:45:48Byte 1: 92
16:45:48Byte 2: 18
16:45:48Byte 3: 183
16:45:48Byte 4: 11
16:45:48Byte 5: 7
16:45:48Byte 9: 88
16:45:48Byte 10: 103
16:45:48Byte 21: 99
16:45:49Finished synth. Setting Status back to Initial
16:45:49Received 0x05C. Current Status: Initial   Showing all non 0 byte packets:
16:45:49Byte 1: 92
16:45:49Byte 2: 18
16:45:49Byte 3: 186
16:45:49Byte 4: 11
16:45:49Byte 5: 211
16:45:49Byte 6: 242
16:45:49Byte 7: 168
16:45:49Byte 8: 158
16:45:49Byte 9: 162
16:45:49Byte 11: 69
16:45:49Byte 12: 35
16:45:49Byte 13: 49
16:45:49Byte 14: 86
16:45:49Byte 15: 94
16:45:49Byte 16: 2
16:45:49Byte 17: 44
16:45:49Byte 19: 1
16:45:49Byte 20: 5
16:45:49Byte 21: 1
16:45:49Byte 22: 6
16:45:49Byte 23: 24
16:45:49Byte 24: 9
16:45:49Byte 25: 28
16:45:49Byte 26: 12
16:45:49Byte 27: 1
16:45:49Byte 28: 8
16:45:49Byte 29: 4
16:45:49Looking up Chain..Scission
16:45:49Scission: Found Crystal: Earth Crystal
16:45:51Sending Synthchain: 17409.  Setting info.status to Spirit Update
16:45:52Received 0x05C. Current Status: Spirit Update   Showing all non 0 byte packets:
16:45:52Byte 1: 92
16:45:52Byte 2: 18
16:45:52Byte 3: 192
16:45:52Byte 4: 11
16:45:52Byte 5: 1
16:45:52Byte 9: 4
16:45:52Byte 17: 3
16:45:52Byte 21: 134
16:45:52Byte 22: 1
16:45:52Byte 25: 2
16:45:52Byte 29: 4
16:45:52Byte 33: 99
16:45:52Byte 34: 2
16:45:52Synth Success! Chain Performed:Scission Spirit Gained:2 Current Spirit:611
16:45:52Moving to next step. 3 Current Spirit:611
16:45:52Sleeping 10 for animation delay and sending ACK, setting to 'Chain Ready'
16:46:02Received 0x05C. Current Status: Chain Ready   Showing all non 0 byte packets:
16:46:02Byte 1: 92
16:46:02Byte 2: 18
16:46:02Byte 3: 217
16:46:02Byte 4: 11
16:46:02Byte 5: 7
16:46:02Byte 9: 88
16:46:02Byte 10: 103
16:46:02Byte 21: 99
16:46:03Finished synth. Setting Status back to Initial
16:46:03Received 0x05C. Current Status: Initial   Showing all non 0 byte packets:
16:46:03Byte 1: 92
16:46:03Byte 2: 18
16:46:03Byte 3: 220
16:46:03Byte 4: 11
16:46:03Byte 5: 211
16:46:03Byte 6: 242
16:46:03Byte 7: 168
16:46:03Byte 8: 157
16:46:03Byte 9: 162
16:46:03Byte 11: 69
16:46:03Byte 12: 35
16:46:03Byte 13: 48
16:46:03Byte 14: 86
16:46:03Byte 15: 94
16:46:03Byte 16: 2
16:46:03Byte 17: 44
16:46:03Byte 20: 5
16:46:03Byte 21: 1
16:46:03Byte 22: 6
16:46:03Byte 23: 24
16:46:03Byte 24: 9
16:46:03Byte 25: 28
16:46:03Byte 26: 12
16:46:03Byte 27: 1
16:46:03Byte 28: 8
16:46:03Byte 29: 4
16:46:03Looking up Chain..Liquefaction
16:46:03Liquefaction: Found Crystal: Fire Crystal
16:46:05Sending Synthchain: 4353.  Setting info.status to Spirit Update
16:46:06Received 0x05C. Current Status: Spirit Update   Showing all non 0 byte packets:
16:46:06Byte 1: 92
16:46:06Byte 2: 18
16:46:06Byte 3: 226
16:46:06Byte 4: 11
16:46:06Byte 5: 1
16:46:06Byte 9: 1
16:46:06Byte 21: 134
16:46:06Byte 22: 1
16:46:06Byte 25: 2
16:46:06Byte 29: 5
16:46:06Byte 33: 101
16:46:06Byte 34: 2
16:46:06Synth Success! Chain Performed:Liquefaction Spirit Gained:2 Current Spirit:613
16:46:06Moving to next step. 4 Current Spirit:613
16:46:06Sleeping 10 for animation delay and sending ACK, setting to 'Chain Ready'
16:46:16Received 0x05C. Current Status: Chain Ready   Showing all non 0 byte packets:
16:46:16Byte 1: 92
16:46:16Byte 2: 18
16:46:16Byte 3: 251
16:46:16Byte 4: 11
16:46:16Byte 5: 7
16:46:16Byte 9: 88
16:46:16Byte 10: 103
16:46:16Byte 21: 99
16:46:17Finished synth. Setting Status back to Initial
16:46:17Received 0x05C. Current Status: Initial   Showing all non 0 byte packets:
16:46:17Byte 1: 92
16:46:17Byte 2: 18
16:46:17Byte 3: 254
16:46:17Byte 4: 11
16:46:17Byte 5: 210
16:46:17Byte 6: 242
16:46:17Byte 7: 168
16:46:17Byte 8: 157
16:46:17Byte 9: 162
16:46:17Byte 11: 69
16:46:17Byte 12: 35
16:46:17Byte 13: 47
16:46:17Byte 14: 86
16:46:17Byte 15: 94
16:46:17Byte 16: 1
16:46:17Byte 17: 44
16:46:17Byte 20: 5
16:46:17Byte 21: 1
16:46:17Byte 22: 6
16:46:17Byte 23: 24
16:46:17Byte 24: 9
16:46:17Byte 25: 28
16:46:17Byte 26: 12
16:46:17Byte 27: 1
16:46:17Byte 28: 8
16:46:17Byte 29: 4
16:46:17Looking up Chain..Impaction
16:46:17Impaction: Found Crystal: Lightning Crystal
16:46:19Sending Synthchain: 21761.  Setting info.status to Spirit Update
16:46:20Received 0x05C. Current Status: Spirit Update   Showing all non 0 byte packets:
16:46:20Byte 1: 92
16:46:20Byte 2: 18
16:46:20Byte 3: 4
16:46:20Byte 4: 12
16:46:20Byte 5: 2
16:46:20Byte 9: 9
16:46:20Byte 17: 4
16:46:20Byte 21: 134
16:46:20Byte 22: 1
16:46:20Byte 25: 8
16:46:20Byte 29: 3
16:46:20Byte 33: 109
16:46:20Byte 34: 2
16:46:20HQ Synth Success! Chain Performed:Fusion Spirit Gained:8 Current Spirit:621
16:46:20Moving to next step. 5 Current Spirit:621
16:46:20Sleeping 10 for animation delay and sending ACK, setting to 'Chain Ready'
16:46:30Received 0x05C. Current Status: Chain Ready   Showing all non 0 byte packets:
16:46:30Byte 1: 92
16:46:30Byte 2: 18
16:46:30Byte 3: 29
16:46:30Byte 4: 12
16:46:30Byte 5: 7
16:46:30Byte 9: 88
16:46:30Byte 10: 103
16:46:30Byte 21: 99
16:46:31Finished synth. Setting Status back to Initial
16:46:31Received 0x05C. Current Status: Initial   Showing all non 0 byte packets:
16:46:31Byte 1: 92
16:46:31Byte 2: 18
16:46:31Byte 3: 32
16:46:31Byte 4: 12
16:46:31Byte 5: 210
16:46:31Byte 6: 242
16:46:31Byte 7: 168
16:46:31Byte 8: 157
16:46:31Byte 9: 161
16:46:31Byte 11: 69
16:46:31Byte 12: 35
16:46:31Byte 13: 46
16:46:31Byte 14: 86
16:46:31Byte 15: 94
16:46:31Byte 16: 1
16:46:31Byte 17: 44
16:46:31Byte 20: 4
16:46:31Byte 21: 1
16:46:31Byte 22: 6
16:46:31Byte 23: 24
16:46:31Byte 24: 9
16:46:31Byte 25: 28
16:46:31Byte 26: 12
16:46:31Byte 27: 1
16:46:31Byte 28: 8
16:46:31Byte 29: 4
16:46:31Looking up Chain..Fragmentation
16:46:31Fragmentation: Found Crystal: Wind Crystal
16:46:33Sending Synthchain: 45825.  Setting info.status to Spirit Update
16:46:34Received 0x05C. Current Status: Spirit Update   Showing all non 0 byte packets:
16:46:34Byte 1: 92
16:46:34Byte 2: 18
16:46:34Byte 3: 38
16:46:34Byte 4: 12
16:46:34Byte 5: 1
16:46:34Byte 9: 13
16:46:34Byte 17: 2
16:46:34Byte 21: 134
16:46:34Byte 22: 1
16:46:34Byte 25: 15
16:46:34Byte 33: 124
16:46:34Byte 34: 2
16:46:34Synth Success! Chain Performed:Light Spirit Gained:15 Current Spirit:636
16:46:34Moving to next step. 6 Current Spirit:636
16:46:34Sleeping 10 for animation delay and sending ACK, setting to 'Chain Ready'
16:46:44Received 0x05C. Current Status: Chain Ready   Showing all non 0 byte packets:
16:46:44Byte 1: 92
16:46:44Byte 2: 18
16:46:44Byte 3: 63
16:46:44Byte 4: 12
16:46:44Byte 5: 7
16:46:44Byte 9: 88
16:46:44Byte 10: 103
16:46:44Byte 21: 99
16:46:45Finished synth. Setting Status back to Initial
16:46:45Received 0x05C. Current Status: Initial   Showing all non 0 byte packets:
16:46:45Byte 1: 92
16:46:45Byte 2: 18
16:46:45Byte 3: 66
16:46:45Byte 4: 12
16:46:45Byte 5: 210
16:46:45Byte 6: 242
16:46:45Byte 7: 167
16:46:45Byte 8: 157
16:46:45Byte 9: 161
16:46:45Byte 11: 69
16:46:45Byte 12: 35
16:46:45Byte 13: 46
16:46:45Byte 14: 85
16:46:45Byte 15: 94
16:46:45Byte 16: 1
16:46:45Byte 17: 44
16:46:45Byte 20: 4
16:46:45Byte 21: 1
16:46:45Byte 22: 6
16:46:45Byte 23: 24
16:46:45Byte 24: 9
16:46:45Byte 25: 28
16:46:45Byte 26: 11
16:46:45Byte 27: 1
16:46:45Byte 28: 8
16:46:45Byte 29: 4
16:46:45Looking up Chain..Light
16:46:45Light: Found Crystal: Fire Crystal
16:46:47Sending Synthchain: 53505.  Setting info.status to Spirit Update
16:46:48Received 0x05C. Current Status: Spirit Update   Showing all non 0 byte packets:
16:46:48Byte 1: 92
16:46:48Byte 2: 18
16:46:48Byte 3: 72
16:46:48Byte 4: 12
16:46:48Byte 5: 1
16:46:48Byte 9: 13
16:46:48Byte 21: 134
16:46:48Byte 22: 1
16:46:48Byte 25: 15
16:46:48Byte 29: 1
16:46:48Byte 33: 139
16:46:48Byte 34: 2
16:46:48Synth Success! Chain Performed:Light Spirit Gained:15 Current Spirit:651
16:46:48Hit end of chain - resetting. Current Spirit:651
16:46:48Sleeping 10 for animation delay and sending ACK, setting to 'Chain Ready'
16:46:58Received 0x05C. Current Status: Chain Ready   Showing all non 0 byte packets:
16:46:58Byte 1: 92
16:46:58Byte 2: 18
16:46:58Byte 3: 98
16:46:58Byte 4: 12
16:46:58Byte 5: 7
16:46:58Byte 9: 88
16:46:58Byte 10: 103
16:46:58Byte 21: 99
16:46:59Finished synth. Setting Status back to Initial
16:47:00Received 0x05C. Current Status: Initial   Showing all non 0 byte packets:
16:47:00Byte 1: 92
16:47:00Byte 2: 18
16:47:00Byte 3: 102
16:47:00Byte 4: 12
16:47:00Byte 5: 209
16:47:00Byte 6: 242
16:47:00Byte 7: 167
16:47:00Byte 8: 157
16:47:00Byte 9: 161
16:47:00Byte 11: 69
16:47:00Byte 12: 35
16:47:00Byte 13: 46
16:47:00Byte 14: 85
16:47:00Byte 15: 93
16:47:00Byte 16: 1
16:47:00Byte 17: 44
16:47:00Byte 20: 4
16:47:00Byte 21: 1
16:47:00Byte 22: 6
16:47:00Byte 23: 24
16:47:00Byte 24: 9
16:47:00Byte 25: 28
16:47:00Byte 26: 11
16:47:00Byte 27: 1
16:47:00Byte 28: 7
16:47:00Byte 29: 4
16:47:00Looking up Chain..Liquefaction
16:47:00Liquefaction: Found Crystal: Fire Crystal
16:47:02Sending Synthchain: 4353.  Setting info.status to Spirit Update
16:47:02Received 0x05C. Current Status: Spirit Update   Showing all non 0 byte packets:
16:47:02Byte 1: 92
16:47:02Byte 2: 18
16:47:02Byte 3: 108
16:47:02Byte 4: 12
16:47:02Byte 5: 1
16:47:02Byte 21: 134
16:47:02Byte 22: 1
16:47:02Byte 25: 1
16:47:02Byte 29: 2
16:47:02Byte 33: 140
16:47:02Byte 34: 2
16:47:02Synth Success! Chain Performed:None Spirit Gained:1 Current Spirit:652
16:47:02Moving to next step. 2 Current Spirit:652
16:47:02Sleeping 10 for animation delay and sending ACK, setting to 'Chain Ready'
16:47:12Received 0x05C. Current Status: Chain Ready   Showing all non 0 byte packets:
16:47:12Byte 1: 92
16:47:12Byte 2: 18
16:47:12Byte 3: 133
16:47:12Byte 4: 12
16:47:12Byte 5: 7
16:47:12Byte 9: 88
16:47:12Byte 10: 103
16:47:12Byte 21: 99
16:47:13Finished synth. Setting Status back to Initial
16:47:14Received 0x05C. Current Status: Initial   Showing all non 0 byte packets:
16:47:14Byte 1: 92
16:47:14Byte 2: 18
16:47:14Byte 3: 137
16:47:14Byte 4: 12
16:47:14Byte 5: 208
16:47:14Byte 6: 242
16:47:14Byte 7: 167
16:47:14Byte 8: 157
16:47:14Byte 9: 161
16:47:14Byte 11: 69
16:47:14Byte 12: 35
16:47:14Byte 13: 45
16:47:14Byte 14: 85
16:47:14Byte 15: 93
16:47:14Byte 17: 44
16:47:14Byte 20: 4
16:47:14Byte 21: 1
16:47:14Byte 22: 6
16:47:14Byte 23: 24
16:47:14Byte 24: 9
16:47:14Byte 25: 28
16:47:14Byte 26: 11
16:47:14Byte 27: 1
16:47:14Byte 28: 7
16:47:14Byte 29: 4
16:47:14Looking up Chain..Scission
16:47:14Scission: Out of Spheres!
16:47:16Sending Exit Menu Packet.  Status: End
