14:22:05Loading Inventory Start.
14:22:06Received 0x34 back from Open Menu, Setting to Initial.
14:22:06Setting for Inventory Load Only.
14:22:07Received 0x05C. Current Status: Initial   Showing all non 0 byte packets:
14:22:07Byte 1: 92
14:22:07Byte 2: 18
14:22:07Byte 3: 88
14:22:07Byte 5: 208
14:22:07Byte 6: 242
14:22:07Byte 7: 167
14:22:07Byte 8: 157
14:22:07Byte 9: 161
14:22:07Byte 11: 69
14:22:07Byte 12: 35
14:22:07Byte 13: 45
14:22:07Byte 14: 85
14:22:07Byte 15: 93
14:22:07Byte 17: 44
14:22:07Byte 20: 4
14:22:07Byte 21: 1
14:22:07Byte 22: 6
14:22:07Byte 23: 24
14:22:07Byte 24: 9
14:22:07Byte 25: 28
14:22:07Byte 26: 11
14:22:07Byte 27: 1
14:22:07Byte 28: 7
14:22:07Byte 29: 4
14:22:07Inv only received.  Stopping and exiting Menu.
